2023-08-13 14:19:04.767 [info] Log level: Info
2023-08-13 14:19:04.767 [info] Validating found git in: "git"
2023-08-13 14:19:04.767 [info] Using git "2.34.1" from "git"
2023-08-13 14:19:04.767 [info] > git rev-parse --show-toplevel [20ms]
2023-08-13 14:19:04.767 [info] > git rev-parse --git-dir --git-common-dir [23ms]
2023-08-13 14:19:04.767 [info] Open repository: /home/mosfiend/.oh-my-zsh
2023-08-13 14:19:04.767 [info] > git config --get commit.template [27ms]
2023-08-13 14:19:04.767 [info] > git rev-parse --show-toplevel [59ms]
2023-08-13 14:19:04.772 [info] > git rev-parse --show-toplevel [18ms]
2023-08-13 14:19:04.822 [info] > git rev-parse --show-toplevel [30ms]
2023-08-13 14:19:04.842 [info] > git for-each-ref --format=%(refname)%00%(upstream:short)%00%(objectname)%00%(upstream:track)%00%(upstream:remotename)%00%(upstream:remoteref) refs/heads/master refs/remotes/master [28ms]
2023-08-13 14:19:04.866 [info] > git rev-parse --show-toplevel [27ms]
2023-08-13 14:19:04.887 [info] > git rev-parse --show-toplevel [6ms]
2023-08-13 14:19:04.908 [info] > git rev-parse --show-toplevel [4ms]
2023-08-13 14:19:04.929 [info] > git rev-parse --show-toplevel [5ms]
2023-08-13 14:19:04.952 [info] > git rev-parse --show-toplevel [4ms]
2023-08-13 14:19:04.974 [info] > git rev-parse --show-toplevel [3ms]
2023-08-13 14:19:05.033 [info] > git status -z -uall [172ms]
2023-08-13 14:19:05.118 [info] > git config --get commit.template [21ms]
2023-08-13 14:19:05.120 [info] > git for-each-ref --format=%(refname)%00%(upstream:short)%00%(objectname)%00%(upstream:track)%00%(upstream:remotename)%00%(upstream:remoteref) refs/heads/master refs/remotes/master [6ms]
2023-08-13 14:19:05.300 [info] > git check-ignore -v -z --stdin [13ms]
2023-08-13 14:19:05.326 [info] > git status -z -uall [191ms]
2023-08-13 14:36:37.392 [info] > git check-ignore -v -z --stdin [11ms]
2023-08-13 14:36:38.889 [info] > git check-ignore -v -z --stdin [6ms]
2023-08-13 14:36:43.666 [info] > git show --textconv :plugins/1password/README.md [273ms]
2023-08-13 14:36:43.668 [info] > git ls-files --stage -- /home/mosfiend/.oh-my-zsh/plugins/1password/README.md [212ms]
2023-08-13 14:36:43.722 [info] > git cat-file -s ace6da8e199057e257db10fbcc80f06efa54d392 [34ms]
2023-08-13 14:53:20.957 [info] > git check-ignore -v -z --stdin [37ms]
2023-08-13 14:53:22.098 [info] > git ls-files --stage -- /home/mosfiend/.oh-my-zsh/plugins/adb/README.md [14ms]
2023-08-13 14:53:22.139 [info] > git show --textconv :plugins/adb/README.md [87ms]
2023-08-13 14:53:22.191 [info] > git cat-file -s 83dcc728808eb0b7a38190b6c18aecdbb69e178f [55ms]
2023-08-13 14:53:28.291 [info] > git check-ignore -v -z --stdin [4ms]
2023-08-13 14:53:29.106 [info] > git check-ignore -v -z --stdin [4ms]
2023-08-13 14:53:30.783 [info] > git show --textconv :plugins/ansible/README.md [37ms]
2023-08-13 14:53:30.787 [info] > git ls-files --stage -- /home/mosfiend/.oh-my-zsh/plugins/ansible/README.md [12ms]
2023-08-13 14:53:30.826 [info] > git cat-file -s e0e6a19bb293fcec6b2e1e40570ce251434cfb6d [15ms]
2023-08-13 14:53:50.471 [info] > git check-ignore -v -z --stdin [5ms]
2023-08-13 14:53:53.180 [info] > git show --textconv :plugins/aliases/README.md [32ms]
2023-08-13 14:53:53.188 [info] > git ls-files --stage -- /home/mosfiend/.oh-my-zsh/plugins/aliases/README.md [13ms]
2023-08-13 14:53:53.221 [info] > git cat-file -s 53b68ea01d1a3e59e8cd72251167d746a80cb8c4 [6ms]
2023-08-13 14:53:56.485 [info] > git check-ignore -v -z --stdin [9ms]
2023-08-13 14:53:57.886 [info] > git check-ignore -v -z --stdin [4ms]
2023-08-13 14:53:58.569 [info] > git check-ignore -v -z --stdin [5ms]
2023-08-13 14:54:00.477 [info] > git check-ignore -v -z --stdin [4ms]
2023-08-13 14:54:04.254 [info] > git check-ignore -v -z --stdin [5ms]
2023-08-13 14:54:08.091 [info] > git check-ignore -v -z --stdin [6ms]
2023-08-13 14:54:09.545 [info] > git show --textconv :plugins/chucknorris/README.md [33ms]
2023-08-13 14:54:09.562 [info] > git ls-files --stage -- /home/mosfiend/.oh-my-zsh/plugins/chucknorris/README.md [19ms]
2023-08-13 14:54:09.598 [info] > git cat-file -s b51875de9e52312a04f705ebfdda814bf3ac4a98 [11ms]
2023-08-13 14:54:16.284 [info] > git check-ignore -v -z --stdin [6ms]
2023-08-13 14:54:17.371 [info] > git show --textconv :plugins/catimg/README.md [47ms]
2023-08-13 14:54:17.377 [info] > git ls-files --stage -- /home/mosfiend/.oh-my-zsh/plugins/catimg/README.md [12ms]
2023-08-13 14:54:17.406 [info] > git cat-file -s 8f268805072d639298fdd18e461bdae888e60b56 [6ms]
2023-08-13 14:54:26.777 [info] > git check-ignore -v -z --stdin [5ms]
2023-08-13 14:54:27.818 [info] > git show --textconv :plugins/cask/README.md [45ms]
2023-08-13 14:54:27.825 [info] > git ls-files --stage -- /home/mosfiend/.oh-my-zsh/plugins/cask/README.md [24ms]
2023-08-13 14:54:27.853 [info] > git cat-file -s e1335c1b85786a1ad265dc7c84775313043c14a1 [3ms]
2023-08-13 14:54:29.336 [info] > git check-ignore -v -z --stdin [4ms]
2023-08-13 14:54:30.211 [info] > git show --textconv :plugins/capistrano/README.md [39ms]
2023-08-13 14:54:30.232 [info] > git ls-files --stage -- /home/mosfiend/.oh-my-zsh/plugins/capistrano/README.md [32ms]
2023-08-13 14:54:30.275 [info] > git cat-file -s 335b794faf5e34c29dcc314bc49b82d9a71e3ce8 [21ms]
2023-08-13 14:54:31.782 [info] > git check-ignore -v -z --stdin [15ms]
2023-08-13 14:54:33.329 [info] > git check-ignore -v -z --stdin [4ms]
2023-08-13 14:54:35.949 [info] > git check-ignore -v -z --stdin [6ms]
2023-08-13 14:54:37.087 [info] > git show --textconv :plugins/macos/README.md [47ms]
2023-08-13 14:54:37.107 [info] > git ls-files --stage -- /home/mosfiend/.oh-my-zsh/plugins/macos/README.md [24ms]
2023-08-13 14:54:37.138 [info] > git cat-file -s 1cb9b395d13ce19be090d67dba20bc9e6edfc7aa [9ms]
2023-08-13 14:54:42.877 [info] > git check-ignore -v -z --stdin [7ms]
2023-08-13 14:54:43.910 [info] > git check-ignore -v -z --stdin [5ms]
2023-08-13 14:54:45.279 [info] > git check-ignore -v -z --stdin [6ms]
2023-08-13 14:54:46.827 [info] > git check-ignore -v -z --stdin [6ms]
2023-08-13 14:54:47.524 [info] > git show --textconv :plugins/node/README.md [30ms]
2023-08-13 14:54:47.536 [info] > git ls-files --stage -- /home/mosfiend/.oh-my-zsh/plugins/node/README.md [15ms]
2023-08-13 14:54:47.564 [info] > git cat-file -s 911b6693ba70096240f4d58851c6b1b2eb079780 [6ms]
2023-08-13 14:54:54.377 [info] > git check-ignore -v -z --stdin [10ms]
2023-08-13 14:54:55.512 [info] > git check-ignore -v -z --stdin [8ms]
2023-08-13 14:54:57.437 [info] > git check-ignore -v -z --stdin [6ms]
2023-08-13 14:54:59.246 [info] > git check-ignore -v -z --stdin [5ms]
2023-08-13 14:55:00.295 [info] > git show --textconv :plugins/rust/README.md [27ms]
2023-08-13 14:55:00.303 [info] > git ls-files --stage -- /home/mosfiend/.oh-my-zsh/plugins/rust/README.md [11ms]
2023-08-13 14:55:00.344 [info] > git cat-file -s e0536447461268866755e6f7079abe2ba24ec50a [6ms]
2023-08-13 14:55:02.851 [info] > git check-ignore -v -z --stdin [6ms]
2023-08-13 14:55:03.406 [info] > git check-ignore -v -z --stdin [5ms]
2023-08-13 14:55:05.332 [info] > git check-ignore -v -z --stdin [6ms]
2023-08-13 14:55:06.069 [info] > git check-ignore -v -z --stdin [5ms]
2023-08-13 14:55:06.904 [info] > git check-ignore -v -z --stdin [9ms]
2023-08-13 14:55:20.024 [info] > git check-ignore -v -z --stdin [4ms]
2023-08-13 14:55:20.860 [info] > git show --textconv :plugins/jsontools/README.md [38ms]
2023-08-13 14:55:20.875 [info] > git ls-files --stage -- /home/mosfiend/.oh-my-zsh/plugins/jsontools/README.md [16ms]
2023-08-13 14:55:20.951 [info] > git cat-file -s 6a2740014a9d2188fb11dba504fab36de50e38ab [30ms]
2023-08-13 14:55:44.527 [info] > git check-ignore -v -z --stdin [7ms]
2023-08-13 14:55:46.884 [info] > git check-ignore -v -z --stdin [8ms]
2023-08-13 14:55:48.022 [info] > git show --textconv :plugins/vim-interaction/README.md [36ms]
2023-08-13 14:55:48.051 [info] > git ls-files --stage -- /home/mosfiend/.oh-my-zsh/plugins/vim-interaction/README.md [32ms]
2023-08-13 14:55:48.095 [info] > git cat-file -s 681648018e69ccb077909e9fcd6346be9d55d4d1 [22ms]
2023-08-13 14:55:56.379 [info] > git check-ignore -v -z --stdin [5ms]
2023-08-13 14:55:57.083 [info] > git check-ignore -v -z --stdin [5ms]
2023-08-13 14:55:58.610 [info] > git check-ignore -v -z --stdin [4ms]
2023-08-13 14:55:59.678 [info] > git show --textconv :plugins/vscode/README.md [33ms]
2023-08-13 14:55:59.684 [info] > git ls-files --stage -- /home/mosfiend/.oh-my-zsh/plugins/vscode/README.md [7ms]
2023-08-13 14:55:59.709 [info] > git cat-file -s e95ed5d4f8ca1a15486b39e6ca32bf18c0a2ce7c [6ms]
2023-08-13 14:56:01.872 [info] > git check-ignore -v -z --stdin [4ms]
2023-08-13 14:56:02.844 [info] > git check-ignore -v -z --stdin [8ms]
2023-08-13 14:56:11.147 [info] > git check-ignore -v -z --stdin [6ms]
2023-08-13 14:56:13.359 [info] > git check-ignore -v -z --stdin [5ms]
2023-08-13 14:57:06.309 [info] > git show --textconv :plugins/thefuck/README.md [26ms]
2023-08-13 14:57:06.314 [info] > git ls-files --stage -- /home/mosfiend/.oh-my-zsh/plugins/thefuck/README.md [9ms]
2023-08-13 14:57:06.338 [info] > git cat-file -s 84f7255ce7abfdc9d217385911f97c4c9851307c [9ms]
2023-08-13 14:57:23.498 [info] > git check-ignore -v -z --stdin [4ms]
2023-08-13 14:57:24.730 [info] > git show --textconv :plugins/safe-paste/README.md [25ms]
2023-08-13 14:57:24.737 [info] > git ls-files --stage -- /home/mosfiend/.oh-my-zsh/plugins/safe-paste/README.md [9ms]
2023-08-13 14:57:24.762 [info] > git cat-file -s a2e7ddbfcb3c1805a3a86eabce299e987eb3e095 [6ms]
2023-08-13 14:57:41.749 [info] > git check-ignore -v -z --stdin [4ms]
2023-08-13 14:57:42.626 [info] > git show --textconv :plugins/kitchen/_kitchen [27ms]
2023-08-13 14:57:42.635 [info] > git ls-files --stage -- /home/mosfiend/.oh-my-zsh/plugins/kitchen/_kitchen [10ms]
2023-08-13 14:57:42.657 [info] > git cat-file -s 64c01e39560c413673dedbf3961e96d7605895ed [5ms]
2023-08-13 14:57:43.561 [info] > git show --textconv :plugins/kitchen/README.md [37ms]
2023-08-13 14:57:43.575 [info] > git ls-files --stage -- /home/mosfiend/.oh-my-zsh/plugins/kitchen/README.md [18ms]
2023-08-13 14:57:43.599 [info] > git cat-file -s 89a6d7002389bf5703187c61daeb8772e91badef [7ms]
2023-08-13 14:57:48.849 [info] > git check-ignore -v -z --stdin [6ms]
2023-08-13 14:57:52.899 [info] > git check-ignore -v -z --stdin [6ms]
2023-08-13 14:57:55.221 [info] > git check-ignore -v -z --stdin [5ms]
2023-08-13 14:57:55.933 [info] > git show --textconv :plugins/fzf/README.md [44ms]
2023-08-13 14:57:55.938 [info] > git ls-files --stage -- /home/mosfiend/.oh-my-zsh/plugins/fzf/README.md [18ms]
2023-08-13 14:57:55.972 [info] > git cat-file -s beedf4690993ae12b83fdf80e0a3889c2e9dfec9 [13ms]
2023-08-13 14:58:18.156 [info] > git check-ignore -v -z --stdin [4ms]
2023-08-13 14:58:19.647 [info] > git show --textconv :plugins/frontend-search/README.md [47ms]
2023-08-13 14:58:19.658 [info] > git ls-files --stage -- /home/mosfiend/.oh-my-zsh/plugins/frontend-search/README.md [13ms]
2023-08-13 14:58:19.726 [info] > git cat-file -s 0500589311dbb1913883faead8464c31a50a33bd [23ms]
2023-08-13 14:59:13.324 [info] > git check-ignore -v -z --stdin [4ms]
2023-08-13 14:59:14.116 [info] > git show --textconv :plugins/dotnet/README.md [29ms]
2023-08-13 14:59:14.132 [info] > git ls-files --stage -- /home/mosfiend/.oh-my-zsh/plugins/dotnet/README.md [19ms]
2023-08-13 14:59:14.187 [info] > git cat-file -s a15e80577d2dea2d586b2768891a0f72895d4238 [32ms]
2023-08-13 14:59:25.770 [info] > git check-ignore -v -z --stdin [5ms]
2023-08-13 14:59:26.882 [info] > git show --textconv :plugins/coffee/README.md [81ms]
2023-08-13 14:59:26.898 [info] > git ls-files --stage -- /home/mosfiend/.oh-my-zsh/plugins/coffee/README.md [19ms]
2023-08-13 14:59:26.937 [info] > git cat-file -s 2baade844b732853885c787baf8e86b3ba0826ea [11ms]
2023-08-13 14:59:38.266 [info] > git check-ignore -v -z --stdin [5ms]
2023-08-13 14:59:39.267 [info] > git show --textconv :plugins/archlinux/README.md [38ms]
2023-08-13 14:59:39.312 [info] > git ls-files --stage -- /home/mosfiend/.oh-my-zsh/plugins/archlinux/README.md [57ms]
2023-08-13 14:59:39.371 [info] > git cat-file -s 5e015dbaa02325a5fc1faa29673bca874a0a41db [19ms]
2023-08-13 14:59:46.161 [info] > git check-ignore -v -z --stdin [5ms]
2023-08-13 14:59:52.025 [info] > git check-ignore -v -z --stdin [5ms]
2023-08-13 14:59:54.458 [info] > git show --textconv :plugins/autojump/README.md [29ms]
2023-08-13 14:59:54.465 [info] > git ls-files --stage -- /home/mosfiend/.oh-my-zsh/plugins/autojump/README.md [8ms]
2023-08-13 14:59:54.493 [info] > git cat-file -s 750ff56d12ef9ef68d3390d0d9d985640bda3c06 [6ms]
2023-08-13 15:01:27.009 [info] > git check-ignore -v -z --stdin [6ms]
2023-08-13 15:01:28.189 [info] > git check-ignore -v -z --stdin [5ms]
2023-08-13 15:02:26.968 [info] > git check-ignore -v -z --stdin [5ms]
2023-08-13 15:02:28.022 [info] > git ls-files --stage -- /home/mosfiend/.oh-my-zsh/plugins/zsh-interactive-cd/README.md [14ms]
2023-08-13 15:02:28.050 [info] > git show --textconv :plugins/zsh-interactive-cd/README.md [67ms]
2023-08-13 15:02:28.058 [info] > git cat-file -s 4bffbf04af7eb312da6d74adffb78aedc08fbf74 [12ms]
2023-08-13 15:03:45.183 [info] > git check-ignore -v -z --stdin [4ms]
2023-08-13 15:03:46.254 [info] > git show --textconv :plugins/git-auto-fetch/README.md [37ms]
2023-08-13 15:03:46.271 [info] > git ls-files --stage -- /home/mosfiend/.oh-my-zsh/plugins/git-auto-fetch/README.md [18ms]
2023-08-13 15:03:46.314 [info] > git cat-file -s e96ab42a3c77238e3ec3db3342a702449877c04e [17ms]
2023-08-13 15:04:12.409 [info] > git check-ignore -v -z --stdin [5ms]
2023-08-13 15:04:17.144 [info] > git check-ignore -v -z --stdin [4ms]
2023-08-13 15:04:18.342 [info] > git check-ignore -v -z --stdin [5ms]
2023-08-13 15:04:19.573 [info] > git show --textconv :custom/plugins/example/example.plugin.zsh [29ms]
2023-08-13 15:04:19.579 [info] > git ls-files --stage -- /home/mosfiend/.oh-my-zsh/custom/plugins/example/example.plugin.zsh [8ms]
2023-08-13 15:04:19.608 [info] > git cat-file -s 83611fe3f1ace91ee279d28c50500fccf694cddb [7ms]
2023-08-13 15:14:05.317 [info] > git check-ignore -v -z --stdin [4ms]
2023-08-13 15:14:06.640 [info] > git show --textconv :plugins/fig/README.md [31ms]
2023-08-13 15:14:06.646 [info] > git ls-files --stage -- /home/mosfiend/.oh-my-zsh/plugins/fig/README.md [12ms]
2023-08-13 15:14:06.681 [info] > git cat-file -s 3861958d6f8a2c0e0536d632484c98728aed7cb2 [13ms]
2023-08-13 15:18:51.321 [info] > git show --textconv :plugins/fig/README.md [37ms]
2023-08-13 15:18:51.340 [info] > git ls-files --stage -- /home/mosfiend/.oh-my-zsh/plugins/fig/README.md [21ms]
2023-08-13 15:18:51.385 [info] > git cat-file -s 3861958d6f8a2c0e0536d632484c98728aed7cb2 [22ms]
2023-08-13 15:19:28.278 [info] > git check-ignore -v -z --stdin [6ms]
2023-08-13 15:19:29.252 [info] > git show --textconv :plugins/fasd/README.md [26ms]
2023-08-13 15:19:29.257 [info] > git ls-files --stage -- /home/mosfiend/.oh-my-zsh/plugins/fasd/README.md [8ms]
2023-08-13 15:19:29.280 [info] > git cat-file -s 7c44ac84d4b6b768ba3536eaef252f38b6c92aa4 [7ms]
2023-08-13 15:19:53.428 [info] > git show --textconv :plugins/fig/fig.plugin.zsh [37ms]
2023-08-13 15:19:53.434 [info] > git ls-files --stage -- /home/mosfiend/.oh-my-zsh/plugins/fig/fig.plugin.zsh [13ms]
2023-08-13 15:19:53.461 [info] > git cat-file -s cddb6c7c04212c7dc29c1eb09f7271cc115c9861 [7ms]
