2023-08-14 05:47:48.570 [info] Log level: Info
2023-08-14 05:47:48.571 [info] Validating found git in: "git"
2023-08-14 05:47:48.571 [info] Using git "2.34.1" from "git"
2023-08-14 05:47:48.571 [info] > git rev-parse --show-toplevel [94ms]
2023-08-14 05:47:48.571 [info] > git rev-parse --git-dir --git-common-dir [7ms]
2023-08-14 05:47:48.571 [info] Open repository: /home/mosfiend/.dotfiles/.oh-my-zsh
2023-08-14 05:47:48.571 [info] > git rev-parse --show-toplevel [35ms]
2023-08-14 05:47:48.571 [info] > git rev-parse --show-toplevel [58ms]
2023-08-14 05:47:48.571 [info] > git config --get commit.template [125ms]
2023-08-14 05:47:48.571 [info] > git rev-parse --show-toplevel [20ms]
2023-08-14 05:47:48.571 [info] > git rev-parse --show-toplevel [4ms]
2023-08-14 05:47:48.571 [info] > git rev-parse --show-toplevel [9ms]
2023-08-14 05:47:48.571 [info] > git rev-parse --show-toplevel [16ms]
2023-08-14 05:47:48.571 [info] > git rev-parse --show-toplevel [7ms]
2023-08-14 05:47:48.571 [info] > git for-each-ref --format=%(refname)%00%(upstream:short)%00%(objectname)%00%(upstream:track)%00%(upstream:remotename)%00%(upstream:remoteref) refs/heads/master refs/remotes/master [234ms]
2023-08-14 05:47:48.571 [info] > git rev-parse --show-toplevel [62ms]
2023-08-14 05:47:48.571 [info] > git rev-parse --show-toplevel [10ms]
2023-08-14 05:47:48.571 [info] > git rev-parse --show-toplevel [18ms]
2023-08-14 05:47:49.686 [info] > git status -z -uall [2263ms]
2023-08-14 05:47:51.684 [info] > git rev-parse --show-toplevel [53ms]
2023-08-14 05:47:51.687 [info] > git config --get commit.template [436ms]
2023-08-14 05:47:51.746 [info] > git for-each-ref --format=%(refname)%00%(upstream:short)%00%(objectname)%00%(upstream:track)%00%(upstream:remotename)%00%(upstream:remoteref) refs/heads/master refs/remotes/master [20ms]
2023-08-14 05:47:52.141 [info] > git status -z -uall [373ms]
2023-08-14 05:47:52.142 [info] > git rev-parse --show-toplevel [18ms]
2023-08-14 05:47:52.936 [info] > git rev-parse --show-toplevel [60ms]
2023-08-14 06:03:14.777 [info] > git rev-parse --show-toplevel [14ms]
2023-08-14 06:03:33.855 [info] > git rev-parse --show-toplevel [11ms]
2023-08-14 06:03:44.601 [info] > git rev-parse --show-toplevel [11ms]
2023-08-14 07:04:47.216 [info] > git rev-parse --show-toplevel [19ms]
2023-08-14 07:06:07.500 [info] > git rev-parse --show-toplevel [12ms]
2023-08-14 07:06:17.896 [info] > git rev-parse --show-toplevel [15ms]
2023-08-14 07:09:30.856 [info] > git rev-parse --show-toplevel [26ms]
2023-08-14 07:09:39.059 [info] > git rev-parse --show-toplevel [17ms]
