2023-08-12 16:11:28.410 [info] Extension host with pid 9133 started
2023-08-12 16:11:28.690 [info] ExtensionService#_doActivateExtension vscode.emmet, startup: false, activationEvent: 'onLanguage'
2023-08-12 16:11:28.876 [info] ExtensionService#_doActivateExtension vscode.extension-editing, startup: false, activationEvent: 'onLanguage:json'
2023-08-12 16:11:28.942 [info] ExtensionService#_doActivateExtension vscode.json-language-features, startup: false, activationEvent: 'onLanguage:json'
2023-08-12 16:11:29.290 [info] ExtensionService#_doActivateExtension vscode.npm, startup: false, activationEvent: 'onLanguage:json'
2023-08-12 16:11:30.907 [info] ExtensionService#_doActivateExtension vscode.git-base, startup: true, activationEvent: '*'
2023-08-12 16:11:30.987 [info] ExtensionService#_doActivateExtension vscodevim.vim, startup: true, activationEvent: '*'
2023-08-12 16:11:32.705 [info] ExtensionService#_doActivateExtension vscode.github, startup: true, activationEvent: '*'
2023-08-12 16:11:33.430 [info] Eager extensions activated
2023-08-12 16:11:33.886 [info] ExtensionService#_doActivateExtension vscode.debug-auto-launch, startup: false, activationEvent: 'onStartupFinished'
2023-08-12 16:11:33.979 [info] ExtensionService#_doActivateExtension vscode.merge-conflict, startup: false, activationEvent: 'onStartupFinished'
2023-08-12 16:11:34.070 [info] ExtensionService#_doActivateExtension sainnhe.gruvbox-material, startup: false, activationEvent: 'onStartupFinished'
2023-08-12 16:11:45.553 [info] ExtensionService#_doActivateExtension vscode.git, startup: false, activationEvent: 'api', root cause: vscode.github
2023-08-12 16:11:45.785 [info] ExtensionService#_doActivateExtension tonybaloney.vscode-pets, startup: false, activationEvent: '*'
2023-08-12 16:14:39.376 [warning] TextEditor is closed/disposed
2023-08-12 16:14:39.376 [warning] TextEditor is closed/disposed
2023-08-12 16:14:39.446 [warning] ExtHostTextEditorOptions 'setCursorStyle' failed:'
2023-08-12 16:14:39.447 [warning] TextEditor(vs.editor.ICodeEditor:1,$model1) has been disposed
2023-08-12 16:14:43.385 [info] Extension host terminating: renderer closed the MessagePort
2023-08-12 16:14:43.438 [info] Extension host with pid 9133 exiting with code 0
