2023-08-14 05:47:51.590 [info] Configuration changed
2023-08-14 05:47:52.070 [info] Configuration changed
2023-08-14 05:47:52.839 [info] Configuration changed
2023-08-14 05:48:55.916 [info] /home/mosfiend/.config/VSCodium/User/settings.json closed
2023-08-14 06:03:09.927 [info] /home/mosfiend/.config/VSCodium/User/keybindings.json closed
2023-08-14 06:03:14.764 [info] Active editor: file:///home/mosfiend/.oh-my-zsh/plugins/fig/fig.plugin.zsh
2023-08-14 06:03:28.003 [info] Executing ::te
2023-08-14 06:03:33.844 [info] Active editor: file:///home/mosfiend/.oh-my-zsh/plugins/fig/fig.plugin.zsh
2023-08-14 06:03:38.941 [info] Executing :te
2023-08-14 06:03:44.589 [info] Active editor: file:///home/mosfiend/.oh-my-zsh/plugins/fig/fig.plugin.zsh
2023-08-14 06:04:06.196 [info] /home/mosfiend/.config/VSCodium/User/keybindings.json closed
2023-08-14 07:04:43.164 [info] /home/mosfiend/.config/VSCodium/User/keybindings.json closed
2023-08-14 07:04:47.198 [info] Active editor: file:///home/mosfiend/.oh-my-zsh/plugins/fig/fig.plugin.zsh
2023-08-14 07:04:50.977 [error] Error running task: Error: 'args' is undefined. For this remap to work it needs to have 'args' with an '"after": string[]' and/or a '"commands": { command: string; args: any[] }[]'
2023-08-14 07:05:37.236 [info] /home/mosfiend/.config/VSCodium/User/keybindings.json closed
2023-08-14 07:05:47.545 [info] /home/mosfiend/.config/VSCodium/User/keybindings.json closed
2023-08-14 07:05:49.084 [info] /home/mosfiend/.config/VSCodium/User/keybindings.json closed
2023-08-14 07:06:07.488 [info] Active editor: file:///home/mosfiend/.oh-my-zsh/plugins/1password/README.md
2023-08-14 07:06:17.882 [info] Active editor: file:///home/mosfiend/.oh-my-zsh/plugins/adb/README.md
2023-08-14 07:09:26.610 [info] /home/mosfiend/.config/VSCodium/User/settings.json closed
2023-08-14 07:09:30.834 [info] Active editor: file:///home/mosfiend/.oh-my-zsh/plugins/archlinux/README.md
2023-08-14 07:09:39.043 [info] Active editor: file:///home/mosfiend/.oh-my-zsh/plugins/ansible/README.md
2023-08-14 07:09:52.002 [info] /home/mosfiend/.config/VSCodium/User/settings.json closed
