2023-08-14 07:27:39.189 [info] Configuration changed
2023-08-14 07:27:41.286 [info] Configuration changed
2023-08-14 07:27:50.449 [info] /home/mosfiend/.config/VSCodium/User/settings.json closed
2023-08-14 07:27:55.864 [info] Active editor: vscode-userdata:/home/mosfiend/.config/VSCodium/User/settings.json
2023-08-14 07:28:13.723 [info] Executing :wq
2023-08-14 07:28:14.031 [warning] getLineLength() called with out-of-bounds line 14
2023-08-14 07:28:14.031 [warning] invalid cursor position. [[14, 46] | [14, 46]].
2023-08-14 07:28:14.120 [info] /home/mosfiend/.config/VSCodium/User/settings.json closed
2023-08-14 07:28:14.269 [info] Configuration changed
2023-08-14 07:28:23.819 [info] /home/mosfiend/.config/VSCodium/User/settings.json closed
2023-08-14 07:28:28.413 [info] Active editor: vscode-userdata:/home/mosfiend/.config/VSCodium/User/settings.json
2023-08-14 07:28:44.613 [info] Executing :wq
2023-08-14 07:28:44.870 [warning] getLineLength() called with out-of-bounds line 2
2023-08-14 07:28:44.870 [warning] invalid cursor position. [[2, 35] | [2, 35]].
2023-08-14 07:28:44.916 [info] /home/mosfiend/.config/VSCodium/User/settings.json closed
2023-08-14 07:28:51.242 [info] Active editor: vscode-userdata:/home/mosfiend/.config/VSCodium/User/settings.json
2023-08-14 07:29:02.997 [info] Active editor: file:///home/mosfiend/Documents/Projects/BrightWorld/src/scenes/Stage.js
2023-08-14 07:30:56.737 [info] /settings/user closed
2023-08-14 07:30:58.088 [info] /settings/resourceLanguage closed
2023-08-14 07:30:58.455 [info] /launch closed
2023-08-14 07:30:58.513 [info] /token-styling closed
2023-08-14 07:30:58.516 [info] /textmate-colors closed
2023-08-14 07:30:58.551 [info] /workbench-colors closed
2023-08-14 07:33:56.958 [info] /settings/user closed
2023-08-14 07:33:58.351 [info] /settings/resourceLanguage closed
2023-08-14 07:34:00.086 [info] /launch closed
2023-08-14 07:34:00.139 [info] /token-styling closed
2023-08-14 07:34:00.147 [info] /textmate-colors closed
2023-08-14 07:34:00.173 [info] /workbench-colors closed
2023-08-14 07:36:57.174 [info] /settings/user closed
2023-08-14 07:36:58.640 [info] /settings/resourceLanguage closed
2023-08-14 07:37:01.057 [info] /launch closed
2023-08-14 07:37:02.325 [info] /token-styling closed
2023-08-14 07:37:02.331 [info] /textmate-colors closed
2023-08-14 07:37:02.373 [info] /workbench-colors closed
2023-08-14 07:37:27.106 [info] Executing :te
2023-08-14 07:39:57.520 [info] /settings/user closed
2023-08-14 07:39:58.931 [info] /settings/resourceLanguage closed
2023-08-14 07:40:01.768 [info] /launch closed
2023-08-14 07:40:02.840 [info] /token-styling closed
2023-08-14 07:40:02.845 [info] /textmate-colors closed
2023-08-14 07:40:02.867 [info] /workbench-colors closed
2023-08-14 07:42:58.161 [info] /settings/user closed
2023-08-14 07:42:59.890 [info] /settings/resourceLanguage closed
2023-08-14 07:43:02.318 [info] /launch closed
2023-08-14 07:43:03.486 [info] /token-styling closed
2023-08-14 07:43:03.488 [info] /textmate-colors closed
2023-08-14 07:43:03.588 [info] /workbench-colors closed
2023-08-14 07:45:58.323 [info] /settings/user closed
2023-08-14 07:46:00.187 [info] /settings/resourceLanguage closed
2023-08-14 07:46:02.881 [info] /launch closed
2023-08-14 07:46:04.141 [info] /token-styling closed
2023-08-14 07:46:04.143 [info] /textmate-colors closed
2023-08-14 07:46:04.145 [info] /workbench-colors closed
2023-08-14 07:48:58.537 [info] /settings/user closed
2023-08-14 07:49:00.660 [info] /settings/resourceLanguage closed
2023-08-14 07:49:03.544 [info] /launch closed
2023-08-14 07:49:04.925 [info] /token-styling closed
2023-08-14 07:49:04.932 [info] /textmate-colors closed
2023-08-14 07:49:04.957 [info] /workbench-colors closed
2023-08-14 07:51:58.703 [info] /settings/user closed
2023-08-14 07:52:00.955 [info] /settings/resourceLanguage closed
2023-08-14 07:52:04.113 [info] /launch closed
2023-08-14 07:52:05.342 [info] /token-styling closed
2023-08-14 07:52:05.350 [info] /textmate-colors closed
2023-08-14 07:52:05.398 [info] /workbench-colors closed
2023-08-14 07:54:58.877 [info] /settings/user closed
2023-08-14 07:55:01.368 [info] /settings/resourceLanguage closed
2023-08-14 07:55:04.932 [info] /launch closed
2023-08-14 07:55:06.243 [info] /token-styling closed
2023-08-14 07:55:06.244 [info] /textmate-colors closed
2023-08-14 07:55:06.268 [info] /workbench-colors closed
2023-08-14 07:57:59.078 [info] /settings/user closed
2023-08-14 07:58:01.603 [info] /settings/resourceLanguage closed
2023-08-14 07:58:05.671 [info] /launch closed
2023-08-14 07:58:07.325 [info] /token-styling closed
2023-08-14 07:58:07.329 [info] /textmate-colors closed
2023-08-14 07:58:07.375 [info] /workbench-colors closed
2023-08-14 08:00:59.238 [info] /settings/user closed
2023-08-14 08:01:01.839 [info] /settings/resourceLanguage closed
2023-08-14 08:01:06.328 [info] /launch closed
2023-08-14 08:01:07.734 [info] /token-styling closed
2023-08-14 08:01:07.740 [info] /textmate-colors closed
2023-08-14 08:01:08.321 [info] /workbench-colors closed
2023-08-14 08:03:59.418 [info] /settings/user closed
2023-08-14 08:04:02.115 [info] /settings/resourceLanguage closed
2023-08-14 08:04:06.969 [info] /launch closed
2023-08-14 08:04:08.662 [info] /token-styling closed
2023-08-14 08:04:08.665 [info] /textmate-colors closed
2023-08-14 08:04:09.295 [info] /workbench-colors closed
2023-08-14 08:06:59.628 [info] /settings/user closed
2023-08-14 08:07:02.640 [info] /settings/resourceLanguage closed
2023-08-14 08:07:07.648 [info] /launch closed
2023-08-14 08:07:09.868 [info] /token-styling closed
2023-08-14 08:07:09.884 [info] /textmate-colors closed
2023-08-14 08:07:09.928 [info] /workbench-colors closed
2023-08-14 08:09:59.838 [info] /settings/user closed
2023-08-14 08:10:02.907 [info] /settings/resourceLanguage closed
2023-08-14 08:10:08.533 [info] /launch closed
2023-08-14 08:10:10.569 [info] /token-styling closed
2023-08-14 08:10:10.571 [info] /textmate-colors closed
2023-08-14 08:10:10.998 [info] /workbench-colors closed
2023-08-14 08:13:00.044 [info] /settings/user closed
2023-08-14 08:13:03.166 [info] /settings/resourceLanguage closed
2023-08-14 08:13:09.514 [info] /launch closed
2023-08-14 08:13:11.928 [info] /token-styling closed
2023-08-14 08:13:11.972 [info] /textmate-colors closed
2023-08-14 08:13:11.992 [info] /workbench-colors closed
2023-08-14 08:15:33.604 [info] Active editor: file:///home/mosfiend/Documents/Projects/BrightWorld/src/scenes/Stage.js
2023-08-14 08:15:37.818 [info] Active editor: vscode-userdata:/home/mosfiend/.config/VSCodium/User/settings.json
2023-08-14 08:15:37.873 [warning] getLineLength() called with out-of-bounds line 47
2023-08-14 08:15:37.873 [warning] invalid cursor position. [[47, 63] | [47, 63]].
2023-08-14 08:15:41.799 [info] Active editor: file:///home/mosfiend/Documents/Projects/BrightWorld/src/scenes/Stage.js
2023-08-14 08:15:42.726 [info] Active editor: vscode-userdata:/home/mosfiend/.config/VSCodium/User/settings.json
2023-08-14 08:15:42.807 [warning] getLineLength() called with out-of-bounds line 47
2023-08-14 08:15:42.807 [warning] invalid cursor position. [[47, 63] | [47, 63]].
2023-08-14 08:16:00.205 [info] /settings/user closed
2023-08-14 08:16:03.388 [info] /settings/resourceLanguage closed
2023-08-14 08:16:10.062 [info] /launch closed
2023-08-14 08:16:12.157 [info] /token-styling closed
2023-08-14 08:16:12.667 [info] /textmate-colors closed
2023-08-14 08:16:12.696 [info] /workbench-colors closed
2023-08-14 08:17:44.340 [info] Active editor: vscode-userdata:/home/mosfiend/.config/VSCodium/User/settings.json
2023-08-14 08:17:45.988 [info] Active editor: file:///home/mosfiend/Documents/Projects/BrightWorld/src/scenes/Stage.js
2023-08-14 08:18:08.353 [info] Active editor: file:///home/mosfiend/Documents/Projects/BrightWorld/src/scenes/Stage.js
2023-08-14 08:18:21.657 [info] Active editor: vscode-userdata:/home/mosfiend/.config/VSCodium/User/settings.json
2023-08-14 08:19:00.373 [info] /settings/user closed
2023-08-14 08:19:03.656 [info] /settings/resourceLanguage closed
2023-08-14 08:19:10.838 [info] /launch closed
2023-08-14 08:19:12.576 [info] /token-styling closed
2023-08-14 08:19:13.334 [info] /textmate-colors closed
2023-08-14 08:19:13.408 [info] /workbench-colors closed
2023-08-14 08:22:00.811 [info] /settings/user closed
2023-08-14 08:22:04.042 [info] /settings/resourceLanguage closed
2023-08-14 08:22:11.716 [info] /launch closed
2023-08-14 08:22:13.200 [info] /token-styling closed
2023-08-14 08:22:13.689 [info] /textmate-colors closed
2023-08-14 08:22:14.359 [info] /workbench-colors closed
2023-08-14 08:25:01.023 [info] /settings/user closed
2023-08-14 08:25:04.313 [info] /settings/resourceLanguage closed
2023-08-14 08:25:12.835 [info] /launch closed
2023-08-14 08:25:14.077 [info] /token-styling closed
2023-08-14 08:25:14.079 [info] /textmate-colors closed
2023-08-14 08:25:14.632 [info] /workbench-colors closed
2023-08-14 08:28:01.188 [info] /settings/user closed
2023-08-14 08:28:04.532 [info] /settings/resourceLanguage closed
2023-08-14 08:28:13.578 [info] /launch closed
2023-08-14 08:28:14.985 [info] /token-styling closed
2023-08-14 08:28:14.989 [info] /textmate-colors closed
2023-08-14 08:28:15.009 [info] /workbench-colors closed
2023-08-14 08:31:01.376 [info] /settings/user closed
2023-08-14 08:31:04.910 [info] /settings/resourceLanguage closed
2023-08-14 08:31:14.221 [info] /launch closed
2023-08-14 08:31:15.367 [info] /token-styling closed
2023-08-14 08:31:15.379 [info] /textmate-colors closed
2023-08-14 08:31:15.381 [info] /workbench-colors closed
2023-08-14 08:34:01.597 [info] /settings/user closed
2023-08-14 08:34:05.480 [info] /settings/resourceLanguage closed
2023-08-14 08:34:14.854 [info] /launch closed
2023-08-14 08:34:16.338 [info] /token-styling closed
2023-08-14 08:34:16.342 [info] /textmate-colors closed
2023-08-14 08:34:16.369 [info] /workbench-colors closed
2023-08-14 08:37:01.788 [info] /settings/user closed
2023-08-14 08:37:05.848 [info] /settings/resourceLanguage closed
2023-08-14 08:37:15.491 [info] /launch closed
2023-08-14 08:37:17.173 [info] /token-styling closed
2023-08-14 08:37:17.179 [info] /textmate-colors closed
2023-08-14 08:37:17.220 [info] /workbench-colors closed
2023-08-14 08:40:01.943 [info] /settings/user closed
2023-08-14 08:40:06.132 [info] /settings/resourceLanguage closed
2023-08-14 08:40:16.105 [info] /launch closed
2023-08-14 08:40:17.422 [info] /token-styling closed
2023-08-14 08:40:17.424 [info] /textmate-colors closed
2023-08-14 08:40:17.951 [info] /workbench-colors closed
2023-08-14 08:43:02.110 [info] /settings/user closed
2023-08-14 08:43:06.361 [info] /settings/resourceLanguage closed
2023-08-14 08:43:16.676 [info] /launch closed
2023-08-14 08:43:17.970 [info] /token-styling closed
2023-08-14 08:43:17.972 [info] /textmate-colors closed
2023-08-14 08:43:18.404 [info] /workbench-colors closed
2023-08-14 08:46:02.298 [info] /settings/user closed
2023-08-14 08:46:06.636 [info] /settings/resourceLanguage closed
2023-08-14 08:46:17.481 [info] /launch closed
2023-08-14 08:46:18.808 [info] /token-styling closed
2023-08-14 08:46:18.816 [info] /textmate-colors closed
2023-08-14 08:46:18.818 [info] /workbench-colors closed
2023-08-14 08:49:02.495 [info] /settings/user closed
2023-08-14 08:49:06.900 [info] /settings/resourceLanguage closed
2023-08-14 08:49:18.258 [info] /launch closed
2023-08-14 08:49:19.744 [info] /token-styling closed
2023-08-14 08:49:19.759 [info] /textmate-colors closed
2023-08-14 08:49:19.765 [info] /workbench-colors closed
2023-08-14 08:52:02.678 [info] /settings/user closed
2023-08-14 08:52:07.225 [info] /settings/resourceLanguage closed
2023-08-14 08:52:19.033 [info] /launch closed
2023-08-14 08:52:20.451 [info] /token-styling closed
2023-08-14 08:52:20.464 [info] /textmate-colors closed
2023-08-14 08:52:20.496 [info] /workbench-colors closed
2023-08-14 08:55:02.852 [info] /settings/user closed
2023-08-14 08:55:07.444 [info] /settings/resourceLanguage closed
2023-08-14 08:55:19.661 [info] /launch closed
2023-08-14 08:55:20.874 [info] /token-styling closed
2023-08-14 08:55:20.877 [info] /textmate-colors closed
2023-08-14 08:55:20.899 [info] /workbench-colors closed
2023-08-14 08:58:03.016 [info] /settings/user closed
2023-08-14 08:58:07.886 [info] /settings/resourceLanguage closed
2023-08-14 08:58:20.369 [info] /launch closed
2023-08-14 08:58:21.547 [info] /token-styling closed
2023-08-14 08:58:21.550 [info] /textmate-colors closed
2023-08-14 08:58:21.593 [info] /workbench-colors closed
2023-08-14 09:01:03.182 [info] /settings/user closed
2023-08-14 09:01:08.165 [info] /settings/resourceLanguage closed
2023-08-14 09:01:20.916 [info] /launch closed
2023-08-14 09:01:22.186 [info] /token-styling closed
2023-08-14 09:01:22.192 [info] /textmate-colors closed
2023-08-14 09:01:22.211 [info] /workbench-colors closed
2023-08-14 09:04:03.367 [info] /settings/user closed
2023-08-14 09:04:08.438 [info] /settings/resourceLanguage closed
2023-08-14 09:04:21.670 [info] /launch closed
2023-08-14 09:04:22.735 [info] /token-styling closed
2023-08-14 09:04:22.738 [info] /textmate-colors closed
2023-08-14 09:04:22.769 [info] /workbench-colors closed
2023-08-14 09:07:03.523 [info] /settings/user closed
2023-08-14 09:07:08.728 [info] /settings/resourceLanguage closed
2023-08-14 09:07:22.269 [info] /launch closed
2023-08-14 09:07:23.467 [info] /token-styling closed
2023-08-14 09:07:23.471 [info] /textmate-colors closed
2023-08-14 09:07:23.499 [info] /workbench-colors closed
2023-08-14 09:10:03.733 [info] /settings/user closed
2023-08-14 09:10:09.007 [info] /settings/resourceLanguage closed
2023-08-14 09:10:23.117 [info] /launch closed
2023-08-14 09:10:24.278 [info] /token-styling closed
2023-08-14 09:10:24.285 [info] /textmate-colors closed
2023-08-14 09:10:24.286 [info] /workbench-colors closed
2023-08-14 09:13:03.903 [info] /settings/user closed
2023-08-14 09:13:09.267 [info] /settings/resourceLanguage closed
2023-08-14 09:13:23.944 [info] /launch closed
2023-08-14 09:13:25.253 [info] /token-styling closed
2023-08-14 09:13:25.255 [info] /textmate-colors closed
2023-08-14 09:13:25.258 [info] /workbench-colors closed
2023-08-14 09:16:04.094 [info] /settings/user closed
2023-08-14 09:16:09.547 [info] /settings/resourceLanguage closed
2023-08-14 09:16:24.957 [info] /launch closed
2023-08-14 09:16:26.285 [info] /token-styling closed
2023-08-14 09:16:26.288 [info] /textmate-colors closed
2023-08-14 09:16:26.323 [info] /workbench-colors closed
2023-08-14 09:19:04.273 [info] /settings/user closed
2023-08-14 09:19:09.800 [info] /settings/resourceLanguage closed
2023-08-14 09:19:25.714 [info] /launch closed
2023-08-14 09:19:27.191 [info] /token-styling closed
2023-08-14 09:19:27.196 [info] /textmate-colors closed
2023-08-14 09:19:27.207 [info] /workbench-colors closed
2023-08-14 09:22:04.468 [info] /settings/user closed
2023-08-14 09:22:10.077 [info] /settings/resourceLanguage closed
2023-08-14 09:22:26.837 [info] /launch closed
2023-08-14 09:22:28.199 [info] /token-styling closed
2023-08-14 09:22:28.202 [info] /textmate-colors closed
2023-08-14 09:22:28.237 [info] /workbench-colors closed
2023-08-14 09:25:04.636 [info] /settings/user closed
2023-08-14 09:25:10.292 [info] /settings/resourceLanguage closed
2023-08-14 09:25:27.535 [info] /launch closed
2023-08-14 09:25:28.688 [info] /token-styling closed
2023-08-14 09:25:28.692 [info] /textmate-colors closed
2023-08-14 09:25:28.724 [info] /workbench-colors closed
2023-08-14 09:28:04.814 [info] /settings/user closed
2023-08-14 09:28:10.587 [info] /settings/resourceLanguage closed
2023-08-14 09:28:28.318 [info] /launch closed
2023-08-14 09:28:29.415 [info] /token-styling closed
2023-08-14 09:28:29.418 [info] /textmate-colors closed
2023-08-14 09:28:29.455 [info] /workbench-colors closed
2023-08-14 09:31:04.973 [info] /settings/user closed
2023-08-14 09:31:10.991 [info] /settings/resourceLanguage closed
2023-08-14 09:31:29.046 [info] /launch closed
2023-08-14 09:31:30.179 [info] /token-styling closed
2023-08-14 09:31:30.182 [info] /textmate-colors closed
2023-08-14 09:31:30.204 [info] /workbench-colors closed
2023-08-14 09:34:05.152 [info] /settings/user closed
2023-08-14 09:34:11.283 [info] /settings/resourceLanguage closed
2023-08-14 09:34:29.692 [info] /launch closed
2023-08-14 09:34:30.892 [info] /token-styling closed
2023-08-14 09:34:30.895 [info] /textmate-colors closed
2023-08-14 09:34:30.917 [info] /workbench-colors closed
2023-08-14 09:37:05.314 [info] /settings/user closed
2023-08-14 09:37:11.583 [info] /settings/resourceLanguage closed
2023-08-14 09:37:30.378 [info] /launch closed
2023-08-14 09:37:31.580 [info] /token-styling closed
2023-08-14 09:37:31.581 [info] /textmate-colors closed
2023-08-14 09:37:31.589 [info] /workbench-colors closed
2023-08-14 09:40:05.514 [info] /settings/user closed
2023-08-14 09:40:11.894 [info] /settings/resourceLanguage closed
2023-08-14 09:40:31.215 [info] /launch closed
2023-08-14 09:40:32.415 [info] /token-styling closed
2023-08-14 09:40:32.417 [info] /textmate-colors closed
2023-08-14 09:40:32.441 [info] /workbench-colors closed
2023-08-14 09:43:05.675 [info] /settings/user closed
2023-08-14 09:43:12.232 [info] /settings/resourceLanguage closed
2023-08-14 09:43:31.981 [info] /launch closed
2023-08-14 09:43:33.102 [info] /token-styling closed
2023-08-14 09:43:33.104 [info] /textmate-colors closed
2023-08-14 09:43:33.106 [info] /workbench-colors closed
2023-08-14 09:46:05.858 [info] /settings/user closed
2023-08-14 09:46:12.471 [info] /settings/resourceLanguage closed
2023-08-14 09:46:32.636 [info] /launch closed
2023-08-14 09:46:33.893 [info] /token-styling closed
2023-08-14 09:46:33.897 [info] /textmate-colors closed
2023-08-14 09:46:33.922 [info] /workbench-colors closed
2023-08-14 09:49:06.026 [info] /settings/user closed
2023-08-14 09:49:12.719 [info] /settings/resourceLanguage closed
2023-08-14 09:49:33.473 [info] /launch closed
2023-08-14 09:49:34.611 [info] /token-styling closed
2023-08-14 09:49:34.616 [info] /textmate-colors closed
2023-08-14 09:49:34.626 [info] /workbench-colors closed
2023-08-14 09:52:06.187 [info] /settings/user closed
2023-08-14 09:52:13.013 [info] /settings/resourceLanguage closed
2023-08-14 09:52:34.223 [info] /launch closed
2023-08-14 09:52:35.396 [info] /token-styling closed
2023-08-14 09:52:35.399 [info] /textmate-colors closed
2023-08-14 09:52:35.430 [info] /workbench-colors closed
2023-08-14 09:55:06.358 [info] /settings/user closed
2023-08-14 09:55:13.306 [info] /settings/resourceLanguage closed
2023-08-14 09:55:34.861 [info] /launch closed
2023-08-14 09:55:36.059 [info] /token-styling closed
2023-08-14 09:55:36.064 [info] /textmate-colors closed
2023-08-14 09:55:36.087 [info] /workbench-colors closed
2023-08-14 09:58:06.523 [info] /settings/user closed
2023-08-14 09:58:13.547 [info] /settings/resourceLanguage closed
2023-08-14 09:58:35.580 [info] /launch closed
2023-08-14 09:58:36.663 [info] /token-styling closed
2023-08-14 09:58:36.665 [info] /textmate-colors closed
2023-08-14 09:58:36.666 [info] /workbench-colors closed
2023-08-14 10:01:06.694 [info] /settings/user closed
2023-08-14 10:01:13.911 [info] /settings/resourceLanguage closed
2023-08-14 10:01:36.255 [info] /launch closed
2023-08-14 10:01:37.344 [info] /token-styling closed
2023-08-14 10:01:37.346 [info] /textmate-colors closed
2023-08-14 10:01:37.349 [info] /workbench-colors closed
2023-08-14 10:04:06.881 [info] /settings/user closed
2023-08-14 10:04:14.173 [info] /settings/resourceLanguage closed
2023-08-14 10:04:36.924 [info] /launch closed
2023-08-14 10:04:38.138 [info] /token-styling closed
2023-08-14 10:04:38.151 [info] /textmate-colors closed
2023-08-14 10:04:38.162 [info] /workbench-colors closed
2023-08-14 10:07:07.049 [info] /settings/user closed
2023-08-14 10:07:14.489 [info] /settings/resourceLanguage closed
2023-08-14 10:07:37.666 [info] /launch closed
2023-08-14 10:07:38.931 [info] /token-styling closed
2023-08-14 10:07:38.935 [info] /textmate-colors closed
2023-08-14 10:07:38.968 [info] /workbench-colors closed
2023-08-14 10:10:07.214 [info] /settings/user closed
2023-08-14 10:10:14.783 [info] /settings/resourceLanguage closed
2023-08-14 10:10:38.567 [info] /launch closed
2023-08-14 10:10:39.709 [info] /token-styling closed
2023-08-14 10:10:39.712 [info] /textmate-colors closed
2023-08-14 10:10:39.737 [info] /workbench-colors closed
2023-08-14 10:13:07.382 [info] /settings/user closed
2023-08-14 10:13:15.174 [info] /settings/resourceLanguage closed
2023-08-14 10:13:39.252 [info] /launch closed
2023-08-14 10:13:40.487 [info] /token-styling closed
2023-08-14 10:13:40.488 [info] /textmate-colors closed
2023-08-14 10:13:40.489 [info] /workbench-colors closed
2023-08-14 10:16:07.579 [info] /settings/user closed
2023-08-14 10:16:15.483 [info] /settings/resourceLanguage closed
2023-08-14 10:16:40.152 [info] /launch closed
2023-08-14 10:16:41.287 [info] /token-styling closed
2023-08-14 10:16:41.290 [info] /textmate-colors closed
2023-08-14 10:16:41.325 [info] /workbench-colors closed
2023-08-14 10:19:07.738 [info] /settings/user closed
2023-08-14 10:19:15.843 [info] /settings/resourceLanguage closed
2023-08-14 10:19:40.859 [info] /launch closed
2023-08-14 10:19:42.032 [info] /token-styling closed
2023-08-14 10:19:42.036 [info] /textmate-colors closed
2023-08-14 10:19:42.074 [info] /workbench-colors closed
2023-08-14 10:22:07.920 [info] /settings/user closed
2023-08-14 10:22:16.084 [info] /settings/resourceLanguage closed
2023-08-14 10:22:41.569 [info] /launch closed
2023-08-14 10:22:42.669 [info] /token-styling closed
2023-08-14 10:22:42.671 [info] /textmate-colors closed
2023-08-14 10:22:42.672 [info] /workbench-colors closed
2023-08-14 10:25:08.087 [info] /settings/user closed
2023-08-14 10:25:16.421 [info] /settings/resourceLanguage closed
2023-08-14 10:25:42.255 [info] /launch closed
2023-08-14 10:25:43.628 [info] /token-styling closed
2023-08-14 10:25:43.630 [info] /textmate-colors closed
2023-08-14 10:25:43.632 [info] /workbench-colors closed
2023-08-14 10:28:08.285 [info] /settings/user closed
2023-08-14 10:28:16.697 [info] /settings/resourceLanguage closed
2023-08-14 10:28:43.096 [info] /launch closed
2023-08-14 10:28:44.527 [info] /token-styling closed
2023-08-14 10:28:44.531 [info] /textmate-colors closed
2023-08-14 10:28:44.560 [info] /workbench-colors closed
2023-08-14 10:31:08.454 [info] /settings/user closed
2023-08-14 10:31:17.034 [info] /settings/resourceLanguage closed
2023-08-14 10:31:43.816 [info] /launch closed
2023-08-14 10:31:44.904 [info] /token-styling closed
2023-08-14 10:31:44.906 [info] /textmate-colors closed
2023-08-14 10:31:44.928 [info] /workbench-colors closed
2023-08-14 10:34:08.614 [info] /settings/user closed
2023-08-14 10:34:17.329 [info] /settings/resourceLanguage closed
2023-08-14 10:34:44.449 [info] /launch closed
2023-08-14 10:34:45.586 [info] /token-styling closed
2023-08-14 10:34:45.590 [info] /textmate-colors closed
2023-08-14 10:34:45.621 [info] /workbench-colors closed
2023-08-14 10:37:08.784 [info] /settings/user closed
2023-08-14 10:37:17.612 [info] /settings/resourceLanguage closed
2023-08-14 10:37:45.154 [info] /launch closed
2023-08-14 10:37:46.257 [info] /token-styling closed
2023-08-14 10:37:46.260 [info] /textmate-colors closed
2023-08-14 10:37:46.289 [info] /workbench-colors closed
2023-08-14 10:40:08.945 [info] /settings/user closed
2023-08-14 10:40:17.910 [info] /settings/resourceLanguage closed
2023-08-14 10:40:45.817 [info] /launch closed
2023-08-14 10:40:47.019 [info] /token-styling closed
2023-08-14 10:40:47.021 [info] /textmate-colors closed
2023-08-14 10:40:47.043 [info] /workbench-colors closed
2023-08-14 10:43:09.109 [info] /settings/user closed
2023-08-14 10:43:18.185 [info] /settings/resourceLanguage closed
2023-08-14 10:43:46.427 [info] /launch closed
2023-08-14 10:43:47.608 [info] /token-styling closed
2023-08-14 10:43:47.613 [info] /textmate-colors closed
2023-08-14 10:43:47.635 [info] /workbench-colors closed
2023-08-14 10:46:09.273 [info] /settings/user closed
2023-08-14 10:46:18.474 [info] /settings/resourceLanguage closed
2023-08-14 10:46:47.165 [info] /launch closed
2023-08-14 10:46:48.315 [info] /token-styling closed
2023-08-14 10:46:48.318 [info] /textmate-colors closed
2023-08-14 10:46:48.340 [info] /workbench-colors closed
2023-08-14 10:49:09.439 [info] /settings/user closed
2023-08-14 10:49:18.815 [info] /settings/resourceLanguage closed
2023-08-14 10:49:47.824 [info] /launch closed
2023-08-14 10:49:48.983 [info] /token-styling closed
2023-08-14 10:49:48.985 [info] /textmate-colors closed
2023-08-14 10:49:49.000 [info] /workbench-colors closed
2023-08-14 10:52:09.637 [info] /settings/user closed
2023-08-14 10:52:19.115 [info] /settings/resourceLanguage closed
2023-08-14 10:52:48.654 [info] /launch closed
2023-08-14 10:52:49.815 [info] /token-styling closed
2023-08-14 10:52:49.817 [info] /textmate-colors closed
2023-08-14 10:52:49.818 [info] /workbench-colors closed
2023-08-14 10:55:09.864 [info] /settings/user closed
2023-08-14 10:55:20.108 [info] /settings/resourceLanguage closed
2023-08-14 10:55:49.442 [info] /launch closed
2023-08-14 10:55:50.670 [info] /token-styling closed
2023-08-14 10:55:50.673 [info] /textmate-colors closed
2023-08-14 10:55:50.694 [info] /workbench-colors closed
2023-08-14 10:58:10.040 [info] /settings/user closed
2023-08-14 10:58:20.389 [info] /settings/resourceLanguage closed
2023-08-14 10:58:50.059 [info] /launch closed
2023-08-14 10:58:51.415 [info] /token-styling closed
2023-08-14 10:58:51.432 [info] /textmate-colors closed
2023-08-14 10:58:51.544 [info] /workbench-colors closed
2023-08-14 11:01:10.208 [info] /settings/user closed
2023-08-14 11:01:20.647 [info] /settings/resourceLanguage closed
2023-08-14 11:01:50.904 [info] /launch closed
2023-08-14 11:01:52.882 [info] /token-styling closed
2023-08-14 11:01:52.884 [info] /textmate-colors closed
2023-08-14 11:01:52.886 [info] /workbench-colors closed
2023-08-14 11:04:10.483 [info] /settings/user closed
2023-08-14 11:04:20.987 [info] /settings/resourceLanguage closed
2023-08-14 12:54:38.620 [info] /launch closed
2023-08-14 12:54:40.713 [info] /token-styling closed
2023-08-14 12:54:40.773 [info] /textmate-colors closed
2023-08-14 12:54:40.775 [info] /workbench-colors closed
2023-08-14 12:56:57.105 [info] /settings/user closed
2023-08-14 12:57:08.041 [info] /settings/resourceLanguage closed
2023-08-14 12:57:39.777 [info] /launch closed
2023-08-14 12:57:40.957 [info] /token-styling closed
2023-08-14 12:57:41.446 [info] /textmate-colors closed
2023-08-14 12:57:41.459 [info] /workbench-colors closed
2023-08-14 12:59:57.301 [info] /settings/user closed
2023-08-14 13:00:08.301 [info] /settings/resourceLanguage closed
2023-08-14 13:00:40.578 [info] /launch closed
2023-08-14 13:00:41.792 [info] /token-styling closed
2023-08-14 13:00:42.140 [info] /textmate-colors closed
2023-08-14 13:00:42.176 [info] /workbench-colors closed
2023-08-14 13:02:57.463 [info] /settings/user closed
2023-08-14 13:03:08.547 [info] /settings/resourceLanguage closed
2023-08-14 13:03:41.429 [info] /launch closed
2023-08-14 13:03:42.511 [info] /token-styling closed
2023-08-14 13:03:42.514 [info] /textmate-colors closed
2023-08-14 13:03:42.546 [info] /workbench-colors closed
2023-08-14 13:05:57.645 [info] /settings/user closed
2023-08-14 13:06:08.850 [info] /settings/resourceLanguage closed
2023-08-14 13:06:42.145 [info] /launch closed
2023-08-14 13:06:44.356 [info] /token-styling closed
2023-08-14 13:06:44.358 [info] /textmate-colors closed
2023-08-14 13:06:44.360 [info] /workbench-colors closed
2023-08-14 13:07:56.209 [info] Active editor: vscode-userdata:/home/mosfiend/.config/VSCodium/User/settings.json
2023-08-14 13:08:57.886 [info] /settings/user closed
2023-08-14 13:09:09.243 [info] /settings/resourceLanguage closed
2023-08-14 13:09:43.830 [info] /launch closed
2023-08-14 13:09:46.239 [info] /token-styling closed
2023-08-14 13:09:46.241 [info] /textmate-colors closed
2023-08-14 13:09:46.244 [info] /workbench-colors closed
2023-08-14 13:11:58.317 [info] /settings/user closed
2023-08-14 13:12:09.691 [info] /settings/resourceLanguage closed
2023-08-14 13:12:44.997 [info] /launch closed
2023-08-14 13:12:47.762 [info] /token-styling closed
2023-08-14 13:12:47.805 [info] /textmate-colors closed
2023-08-14 13:12:47.844 [info] /workbench-colors closed
2023-08-14 13:37:01.560 [info] /settings/user closed
2023-08-14 13:37:13.133 [info] /settings/resourceLanguage closed
2023-08-14 13:37:49.994 [info] /launch closed
2023-08-14 13:37:51.955 [info] /token-styling closed
2023-08-14 13:37:52.487 [info] /textmate-colors closed
2023-08-14 13:37:52.520 [info] /workbench-colors closed
2023-08-14 13:40:02.697 [info] /settings/user closed
2023-08-14 13:40:14.461 [info] /settings/resourceLanguage closed
2023-08-14 13:40:51.087 [info] /launch closed
2023-08-14 13:40:52.922 [info] /token-styling closed
2023-08-14 13:40:52.936 [info] /textmate-colors closed
2023-08-14 13:40:52.995 [info] /workbench-colors closed
2023-08-14 13:43:02.918 [info] /settings/user closed
2023-08-14 13:43:14.792 [info] /settings/resourceLanguage closed
2023-08-14 13:43:52.133 [info] /launch closed
2023-08-14 13:43:53.569 [info] /token-styling closed
2023-08-14 13:43:53.570 [info] /textmate-colors closed
2023-08-14 13:43:53.572 [info] /workbench-colors closed
2023-08-14 13:46:03.114 [info] /settings/user closed
2023-08-14 13:46:15.295 [info] /settings/resourceLanguage closed
2023-08-14 13:46:53.026 [info] /launch closed
2023-08-14 13:46:54.636 [info] /token-styling closed
2023-08-14 13:46:54.639 [info] /textmate-colors closed
2023-08-14 13:46:54.682 [info] /workbench-colors closed
2023-08-14 13:49:03.355 [info] /settings/user closed
2023-08-14 13:49:15.646 [info] /settings/resourceLanguage closed
2023-08-14 13:49:53.981 [info] /launch closed
2023-08-14 13:49:55.378 [info] /token-styling closed
2023-08-14 13:49:55.387 [info] /textmate-colors closed
2023-08-14 13:49:55.435 [info] /workbench-colors closed
2023-08-14 13:52:03.537 [info] /settings/user closed
2023-08-14 13:52:16.070 [info] /settings/resourceLanguage closed
2023-08-14 13:52:54.667 [info] /launch closed
2023-08-14 13:52:57.023 [info] /token-styling closed
2023-08-14 13:52:57.025 [info] /textmate-colors closed
2023-08-14 13:52:57.028 [info] /workbench-colors closed
2023-08-14 13:55:03.807 [info] /settings/user closed
2023-08-14 13:55:17.198 [info] /settings/resourceLanguage closed
2023-08-14 13:55:56.092 [info] /launch closed
2023-08-14 13:55:58.446 [info] /token-styling closed
2023-08-14 13:55:58.469 [info] /textmate-colors closed
2023-08-14 13:55:58.526 [info] /workbench-colors closed
