2023-08-14 05:47:35.151 [info] Extension host with pid 2050 started
2023-08-14 05:47:35.151 [info] Skipping acquiring lock for /home/mosfiend/.config/VSCodium/User/workspaceStorage/6d57efbefb6a4992c18509bca5861f04.
2023-08-14 05:47:41.445 [info] ExtensionService#_doActivateExtension vscode.emmet, startup: false, activationEvent: 'onLanguage'
2023-08-14 05:47:41.594 [info] ExtensionService#_doActivateExtension vscode.git-base, startup: true, activationEvent: '*', root cause: vscode.git
2023-08-14 05:47:41.648 [info] ExtensionService#_doActivateExtension tonybaloney.vscode-pets, startup: true, activationEvent: '*'
2023-08-14 05:47:41.695 [info] ExtensionService#_doActivateExtension vscodevim.vim, startup: true, activationEvent: '*'
2023-08-14 05:47:44.444 [info] ExtensionService#_doActivateExtension vscode.git, startup: true, activationEvent: '*'
2023-08-14 05:47:44.889 [info] ExtensionService#_doActivateExtension vscode.github, startup: true, activationEvent: '*'
2023-08-14 05:47:48.545 [info] Eager extensions activated
2023-08-14 05:47:49.457 [info] ExtensionService#_doActivateExtension vscode.debug-auto-launch, startup: false, activationEvent: 'onStartupFinished'
2023-08-14 05:47:49.547 [info] ExtensionService#_doActivateExtension vscode.merge-conflict, startup: false, activationEvent: 'onStartupFinished'
2023-08-14 05:47:49.780 [info] ExtensionService#_doActivateExtension sainnhe.gruvbox-material, startup: false, activationEvent: 'onStartupFinished'
2023-08-14 05:48:56.057 [info] ExtensionService#_doActivateExtension vscode.json-language-features, startup: false, activationEvent: 'onLanguage:jsonc'
2023-08-14 05:48:56.266 [info] ExtensionService#_doActivateExtension vscode.typescript-language-features, startup: false, activationEvent: 'onLanguage:jsonc'
2023-08-14 06:03:39.326 [warning] ExtHostTextEditorOptions 'setCursorStyle' failed:'
2023-08-14 06:03:39.327 [warning] TextEditor(vs.editor.ICodeEditor:1,$model1) has been disposed
2023-08-14 07:06:07.675 [info] ExtensionService#_doActivateExtension vscode.extension-editing, startup: false, activationEvent: 'onLanguage:markdown'
2023-08-14 07:06:07.793 [info] ExtensionService#_doActivateExtension vscode.markdown-language-features, startup: false, activationEvent: 'onLanguage:markdown'
2023-08-14 07:06:11.982 [info] ExtensionService#_doActivateExtension vscode.markdown-math, startup: false, activationEvent: 'api', root cause: vscode.markdown-language-features
2023-08-14 07:27:00.409 [info] Extension host terminating: renderer closed the MessagePort
2023-08-14 07:27:00.512 [error] Canceled: Canceled
	at new d (/usr/share/codium/resources/app/out/vs/workbench/api/node/extensionHostProcess.js:99:45907)
	at t._remoteCall (/usr/share/codium/resources/app/out/vs/workbench/api/node/extensionHostProcess.js:111:14473)
	at W.<computed>.$.charCodeAt.W.<computed> (/usr/share/codium/resources/app/out/vs/workbench/api/node/extensionHostProcess.js:111:11013)
	at e.ExtHostCommands._doExecuteCommand (/usr/share/codium/resources/app/out/vs/workbench/api/node/extensionHostProcess.js:99:71608)
	at e.ExtHostCommands.executeCommand (/usr/share/codium/resources/app/out/vs/workbench/api/node/extensionHostProcess.js:99:70919)
	at P.registerCommand.description (/usr/share/codium/resources/app/out/vs/workbench/api/node/extensionHostProcess.js:99:70146)
	at e.ExtHostCommands._executeContributedCommand (/usr/share/codium/resources/app/out/vs/workbench/api/node/extensionHostProcess.js:99:72243)
	at e.ExtHostCommands._doExecuteCommand (/usr/share/codium/resources/app/out/vs/workbench/api/node/extensionHostProcess.js:99:71059)
	at e.ExtHostCommands.executeCommand (/usr/share/codium/resources/app/out/vs/workbench/api/node/extensionHostProcess.js:99:70919)
	at Object.executeCommand (/usr/share/codium/resources/app/out/vs/workbench/api/node/extensionHostProcess.js:117:27020)
	at i.D [as value] (/usr/share/codium/resources/app/extensions/git/dist/main.js:2:1260373)
	at b._deliver (/usr/share/codium/resources/app/out/vs/workbench/api/node/extensionHostProcess.js:60:2465)
	at b._deliverQueue (/usr/share/codium/resources/app/out/vs/workbench/api/node/extensionHostProcess.js:60:2556)
	at b.fire (/usr/share/codium/resources/app/out/vs/workbench/api/node/extensionHostProcess.js:60:2891)
	at Object.m [as dispose] (/usr/share/codium/resources/app/extensions/git/dist/main.js:2:1275921)
	at /usr/share/codium/resources/app/extensions/git/dist/main.js:2:1280488
	at Array.forEach (<anonymous>)
	at g.dispose (/usr/share/codium/resources/app/extensions/git/dist/main.js:2:1280474)
	at o.<anonymous> (/usr/share/codium/resources/app/out/vs/workbench/api/node/extensionHostProcess.js:95:5731)
	at o.dispose (/usr/share/codium/resources/app/out/vs/workbench/api/node/extensionHostProcess.js:95:5866)
	at o.<anonymous> (/usr/share/codium/resources/app/extensions/git/dist/main.js:2:1262386)
	at o.dispose (/usr/share/codium/resources/app/out/vs/workbench/api/node/extensionHostProcess.js:95:5866)
	at D (/usr/share/codium/resources/app/out/vs/workbench/api/node/extensionHostProcess.js:10:12153)
	at i._deactivate (/usr/share/codium/resources/app/out/vs/workbench/api/node/extensionHostProcess.js:113:13346)
	at /usr/share/codium/resources/app/out/vs/workbench/api/node/extensionHostProcess.js:113:10617
	at Array.map (<anonymous>)
	at i._deactivateAll (/usr/share/codium/resources/app/out/vs/workbench/api/node/extensionHostProcess.js:113:10604)
	at i.terminate (/usr/share/codium/resources/app/out/vs/workbench/api/node/extensionHostProcess.js:113:10987)
	at l.terminate (/usr/share/codium/resources/app/out/vs/workbench/api/node/extensionHostProcess.js:117:1927)
	at _ (/usr/share/codium/resources/app/out/vs/workbench/api/node/extensionHostProcess.js:127:38637)
	at MessagePortMain.<anonymous> (/usr/share/codium/resources/app/out/vs/workbench/api/node/extensionHostProcess.js:127:34716)
	at MessagePortMain.emit (node:events:513:28)
	at MessagePortMain._internalPort.emit (node:electron/js2c/utility_init:2:367) setContext undefined
2023-08-14 07:27:00.525 [error] Canceled: Canceled
	at new d (/usr/share/codium/resources/app/out/vs/workbench/api/node/extensionHostProcess.js:99:45907)
	at t._remoteCall (/usr/share/codium/resources/app/out/vs/workbench/api/node/extensionHostProcess.js:111:14473)
	at W.<computed>.$.charCodeAt.W.<computed> (/usr/share/codium/resources/app/out/vs/workbench/api/node/extensionHostProcess.js:111:11013)
	at e.ExtHostCommands._doExecuteCommand (/usr/share/codium/resources/app/out/vs/workbench/api/node/extensionHostProcess.js:99:71608)
	at e.ExtHostCommands.executeCommand (/usr/share/codium/resources/app/out/vs/workbench/api/node/extensionHostProcess.js:99:70919)
	at P.registerCommand.description (/usr/share/codium/resources/app/out/vs/workbench/api/node/extensionHostProcess.js:99:70146)
	at e.ExtHostCommands._executeContributedCommand (/usr/share/codium/resources/app/out/vs/workbench/api/node/extensionHostProcess.js:99:72243)
	at e.ExtHostCommands._doExecuteCommand (/usr/share/codium/resources/app/out/vs/workbench/api/node/extensionHostProcess.js:99:71059)
	at e.ExtHostCommands.executeCommand (/usr/share/codium/resources/app/out/vs/workbench/api/node/extensionHostProcess.js:99:70919)
	at Object.executeCommand (/usr/share/codium/resources/app/out/vs/workbench/api/node/extensionHostProcess.js:117:27020)
	at set b [as b] (/usr/share/codium/resources/app/extensions/github/dist/extension.js:2:675618)
	at /usr/share/codium/resources/app/extensions/github/dist/extension.js:2:676262
	at i.value (/usr/share/codium/resources/app/extensions/git/dist/main.js:2:1347204)
	at b._deliver (/usr/share/codium/resources/app/out/vs/workbench/api/node/extensionHostProcess.js:60:2465)
	at b._deliverQueue (/usr/share/codium/resources/app/out/vs/workbench/api/node/extensionHostProcess.js:60:2556)
	at b.fire (/usr/share/codium/resources/app/out/vs/workbench/api/node/extensionHostProcess.js:60:2891)
	at Object.m [as dispose] (/usr/share/codium/resources/app/extensions/git/dist/main.js:2:1275921)
	at /usr/share/codium/resources/app/extensions/git/dist/main.js:2:1280488
	at Array.forEach (<anonymous>)
	at g.dispose (/usr/share/codium/resources/app/extensions/git/dist/main.js:2:1280474)
	at o.<anonymous> (/usr/share/codium/resources/app/out/vs/workbench/api/node/extensionHostProcess.js:95:5731)
	at o.dispose (/usr/share/codium/resources/app/out/vs/workbench/api/node/extensionHostProcess.js:95:5866)
	at o.<anonymous> (/usr/share/codium/resources/app/extensions/git/dist/main.js:2:1262386)
	at o.dispose (/usr/share/codium/resources/app/out/vs/workbench/api/node/extensionHostProcess.js:95:5866)
	at D (/usr/share/codium/resources/app/out/vs/workbench/api/node/extensionHostProcess.js:10:12153)
	at i._deactivate (/usr/share/codium/resources/app/out/vs/workbench/api/node/extensionHostProcess.js:113:13346)
	at /usr/share/codium/resources/app/out/vs/workbench/api/node/extensionHostProcess.js:113:10617
	at Array.map (<anonymous>)
	at i._deactivateAll (/usr/share/codium/resources/app/out/vs/workbench/api/node/extensionHostProcess.js:113:10604)
	at i.terminate (/usr/share/codium/resources/app/out/vs/workbench/api/node/extensionHostProcess.js:113:10987)
	at l.terminate (/usr/share/codium/resources/app/out/vs/workbench/api/node/extensionHostProcess.js:117:1927)
	at _ (/usr/share/codium/resources/app/out/vs/workbench/api/node/extensionHostProcess.js:127:38637)
	at MessagePortMain.<anonymous> (/usr/share/codium/resources/app/out/vs/workbench/api/node/extensionHostProcess.js:127:34716)
	at MessagePortMain.emit (node:events:513:28)
	at MessagePortMain._internalPort.emit (node:electron/js2c/utility_init:2:367) setContext undefined
2023-08-14 07:27:00.555 [info] Extension host with pid 2050 exiting with code 0
