2023-08-14 13:58:20.152 [info] Extension host with pid 12459 started
2023-08-14 13:58:20.152 [info] Skipping acquiring lock for /home/mosfiend/.config/VSCodium/User/workspaceStorage/bf333c1f5dc93ba77392210f6e3ef769.
2023-08-14 13:58:21.828 [info] ExtensionService#_doActivateExtension vscode.git-base, startup: true, activationEvent: '*'
2023-08-14 13:58:21.921 [info] ExtensionService#_doActivateExtension vscodevim.vim, startup: true, activationEvent: '*'
2023-08-14 13:58:23.450 [info] ExtensionService#_doActivateExtension vscode.github, startup: true, activationEvent: '*'
2023-08-14 13:58:23.998 [info] Eager extensions activated
2023-08-14 13:58:24.020 [info] ExtensionService#_doActivateExtension vscode.debug-auto-launch, startup: false, activationEvent: 'onStartupFinished'
2023-08-14 13:58:24.073 [info] ExtensionService#_doActivateExtension vscode.merge-conflict, startup: false, activationEvent: 'onStartupFinished'
2023-08-14 13:58:24.194 [info] ExtensionService#_doActivateExtension sainnhe.gruvbox-material, startup: false, activationEvent: 'onStartupFinished'
2023-08-14 14:10:30.116 [info] ExtensionService#_doActivateExtension vscode.git, startup: false, activationEvent: 'api', root cause: vscode.github
2023-08-14 14:10:30.326 [info] ExtensionService#_doActivateExtension tonybaloney.vscode-pets, startup: false, activationEvent: '*'
2023-08-14 14:10:41.477 [info] ExtensionService#_doActivateExtension vscode.extension-editing, startup: false, activationEvent: 'onLanguage:markdown'
2023-08-14 14:10:41.589 [info] ExtensionService#_doActivateExtension vscode.markdown-language-features, startup: false, activationEvent: 'onLanguage:markdown'
2023-08-14 14:10:42.414 [info] ExtensionService#_doActivateExtension vscode.emmet, startup: false, activationEvent: 'onLanguage'
2023-08-14 14:10:45.968 [info] ExtensionService#_doActivateExtension vscode.markdown-math, startup: false, activationEvent: 'api', root cause: vscode.markdown-language-features
2023-08-14 14:11:03.562 [info] ExtensionService#_doActivateExtension vscode.simple-browser, startup: false, activationEvent: 'onOpenExternalUri:https'
2023-08-14 14:12:20.593 [info] Extension host terminating: renderer closed the MessagePort
2023-08-14 14:12:20.673 [error] Canceled: Canceled
	at new d (/usr/share/codium/resources/app/out/vs/workbench/api/node/extensionHostProcess.js:99:45907)
	at t._remoteCall (/usr/share/codium/resources/app/out/vs/workbench/api/node/extensionHostProcess.js:111:14473)
	at W.<computed>.$.charCodeAt.W.<computed> (/usr/share/codium/resources/app/out/vs/workbench/api/node/extensionHostProcess.js:111:11013)
	at e.ExtHostCommands._doExecuteCommand (/usr/share/codium/resources/app/out/vs/workbench/api/node/extensionHostProcess.js:99:71608)
	at e.ExtHostCommands.executeCommand (/usr/share/codium/resources/app/out/vs/workbench/api/node/extensionHostProcess.js:99:70919)
	at P.registerCommand.description (/usr/share/codium/resources/app/out/vs/workbench/api/node/extensionHostProcess.js:99:70146)
	at e.ExtHostCommands._executeContributedCommand (/usr/share/codium/resources/app/out/vs/workbench/api/node/extensionHostProcess.js:99:72243)
	at e.ExtHostCommands._doExecuteCommand (/usr/share/codium/resources/app/out/vs/workbench/api/node/extensionHostProcess.js:99:71059)
	at e.ExtHostCommands.executeCommand (/usr/share/codium/resources/app/out/vs/workbench/api/node/extensionHostProcess.js:99:70919)
	at Object.executeCommand (/usr/share/codium/resources/app/out/vs/workbench/api/node/extensionHostProcess.js:117:27020)
	at i.D [as value] (/usr/share/codium/resources/app/extensions/git/dist/main.js:2:1260373)
	at b._deliver (/usr/share/codium/resources/app/out/vs/workbench/api/node/extensionHostProcess.js:60:2465)
	at b._deliverQueue (/usr/share/codium/resources/app/out/vs/workbench/api/node/extensionHostProcess.js:60:2556)
	at b.fire (/usr/share/codium/resources/app/out/vs/workbench/api/node/extensionHostProcess.js:60:2891)
	at Object.m [as dispose] (/usr/share/codium/resources/app/extensions/git/dist/main.js:2:1275921)
	at /usr/share/codium/resources/app/extensions/git/dist/main.js:2:1280488
	at Array.forEach (<anonymous>)
	at g.dispose (/usr/share/codium/resources/app/extensions/git/dist/main.js:2:1280474)
	at o.<anonymous> (/usr/share/codium/resources/app/out/vs/workbench/api/node/extensionHostProcess.js:95:5731)
	at o.dispose (/usr/share/codium/resources/app/out/vs/workbench/api/node/extensionHostProcess.js:95:5866)
	at o.<anonymous> (/usr/share/codium/resources/app/extensions/git/dist/main.js:2:1262386)
	at o.dispose (/usr/share/codium/resources/app/out/vs/workbench/api/node/extensionHostProcess.js:95:5866)
	at D (/usr/share/codium/resources/app/out/vs/workbench/api/node/extensionHostProcess.js:10:12153)
	at i._deactivate (/usr/share/codium/resources/app/out/vs/workbench/api/node/extensionHostProcess.js:113:13346)
	at /usr/share/codium/resources/app/out/vs/workbench/api/node/extensionHostProcess.js:113:10617
	at Array.map (<anonymous>)
	at i._deactivateAll (/usr/share/codium/resources/app/out/vs/workbench/api/node/extensionHostProcess.js:113:10604)
	at i.terminate (/usr/share/codium/resources/app/out/vs/workbench/api/node/extensionHostProcess.js:113:10987)
	at l.terminate (/usr/share/codium/resources/app/out/vs/workbench/api/node/extensionHostProcess.js:117:1927)
	at _ (/usr/share/codium/resources/app/out/vs/workbench/api/node/extensionHostProcess.js:127:38637)
	at MessagePortMain.<anonymous> (/usr/share/codium/resources/app/out/vs/workbench/api/node/extensionHostProcess.js:127:34716)
	at MessagePortMain.emit (node:events:513:28)
	at MessagePortMain._internalPort.emit (node:electron/js2c/utility_init:2:367) setContext undefined
2023-08-14 14:12:20.688 [error] Canceled: Canceled
	at new d (/usr/share/codium/resources/app/out/vs/workbench/api/node/extensionHostProcess.js:99:45907)
	at t._remoteCall (/usr/share/codium/resources/app/out/vs/workbench/api/node/extensionHostProcess.js:111:14473)
	at W.<computed>.$.charCodeAt.W.<computed> (/usr/share/codium/resources/app/out/vs/workbench/api/node/extensionHostProcess.js:111:11013)
	at e.ExtHostCommands._doExecuteCommand (/usr/share/codium/resources/app/out/vs/workbench/api/node/extensionHostProcess.js:99:71608)
	at e.ExtHostCommands.executeCommand (/usr/share/codium/resources/app/out/vs/workbench/api/node/extensionHostProcess.js:99:70919)
	at P.registerCommand.description (/usr/share/codium/resources/app/out/vs/workbench/api/node/extensionHostProcess.js:99:70146)
	at e.ExtHostCommands._executeContributedCommand (/usr/share/codium/resources/app/out/vs/workbench/api/node/extensionHostProcess.js:99:72243)
	at e.ExtHostCommands._doExecuteCommand (/usr/share/codium/resources/app/out/vs/workbench/api/node/extensionHostProcess.js:99:71059)
	at e.ExtHostCommands.executeCommand (/usr/share/codium/resources/app/out/vs/workbench/api/node/extensionHostProcess.js:99:70919)
	at Object.executeCommand (/usr/share/codium/resources/app/out/vs/workbench/api/node/extensionHostProcess.js:117:27020)
	at set b [as b] (/usr/share/codium/resources/app/extensions/github/dist/extension.js:2:675618)
	at /usr/share/codium/resources/app/extensions/github/dist/extension.js:2:676262
	at i.value (/usr/share/codium/resources/app/extensions/git/dist/main.js:2:1347204)
	at b._deliver (/usr/share/codium/resources/app/out/vs/workbench/api/node/extensionHostProcess.js:60:2465)
	at b._deliverQueue (/usr/share/codium/resources/app/out/vs/workbench/api/node/extensionHostProcess.js:60:2556)
	at b.fire (/usr/share/codium/resources/app/out/vs/workbench/api/node/extensionHostProcess.js:60:2891)
	at Object.m [as dispose] (/usr/share/codium/resources/app/extensions/git/dist/main.js:2:1275921)
	at /usr/share/codium/resources/app/extensions/git/dist/main.js:2:1280488
	at Array.forEach (<anonymous>)
	at g.dispose (/usr/share/codium/resources/app/extensions/git/dist/main.js:2:1280474)
	at o.<anonymous> (/usr/share/codium/resources/app/out/vs/workbench/api/node/extensionHostProcess.js:95:5731)
	at o.dispose (/usr/share/codium/resources/app/out/vs/workbench/api/node/extensionHostProcess.js:95:5866)
	at o.<anonymous> (/usr/share/codium/resources/app/extensions/git/dist/main.js:2:1262386)
	at o.dispose (/usr/share/codium/resources/app/out/vs/workbench/api/node/extensionHostProcess.js:95:5866)
	at D (/usr/share/codium/resources/app/out/vs/workbench/api/node/extensionHostProcess.js:10:12153)
	at i._deactivate (/usr/share/codium/resources/app/out/vs/workbench/api/node/extensionHostProcess.js:113:13346)
	at /usr/share/codium/resources/app/out/vs/workbench/api/node/extensionHostProcess.js:113:10617
	at Array.map (<anonymous>)
	at i._deactivateAll (/usr/share/codium/resources/app/out/vs/workbench/api/node/extensionHostProcess.js:113:10604)
	at i.terminate (/usr/share/codium/resources/app/out/vs/workbench/api/node/extensionHostProcess.js:113:10987)
	at l.terminate (/usr/share/codium/resources/app/out/vs/workbench/api/node/extensionHostProcess.js:117:1927)
	at _ (/usr/share/codium/resources/app/out/vs/workbench/api/node/extensionHostProcess.js:127:38637)
	at MessagePortMain.<anonymous> (/usr/share/codium/resources/app/out/vs/workbench/api/node/extensionHostProcess.js:127:34716)
	at MessagePortMain.emit (node:events:513:28)
	at MessagePortMain._internalPort.emit (node:electron/js2c/utility_init:2:367) setContext undefined
2023-08-14 14:12:20.697 [info] Extension host with pid 12459 exiting with code 0
