2023-08-12 00:50:49.747 [info] Configuration changed
2023-08-12 00:50:52.590 [info] Configuration changed
2023-08-12 00:50:53.975 [info] Configuration changed
2023-08-12 00:50:54.545 [info] Configuration changed
2023-08-12 00:50:59.876 [info] Active editor: file:///home/mosfiend/.config/polybar/config
2023-08-12 00:51:04.615 [info] /home/mosfiend/.config/polybar/config closed
2023-08-12 00:51:07.227 [info] Active editor: file:///home/mosfiend/.config/polybar/colors.ini
2023-08-12 00:51:14.015 [info] Active editor: file:///home/mosfiend/.config/polybar/config
2023-08-12 00:51:22.782 [info] Active editor: file:///home/mosfiend/.config/polybar/colors.ini
2023-08-12 00:51:24.480 [info] Active editor: file:///home/mosfiend/.config/polybar/config
2023-08-12 00:52:06.272 [info] Active editor: file:///home/mosfiend/.config/polybar/colors.ini
2023-08-12 00:52:24.925 [info] Executing :wq
2023-08-12 00:52:25.210 [info] /home/mosfiend/.config/polybar/colors.ini closed
2023-08-12 00:52:25.216 [warning] getLineLength() called with out-of-bounds line 3
2023-08-12 00:52:25.216 [warning] invalid cursor position. [[3, 9] | [3, 9]].
2023-08-12 00:52:25.256 [info] Active editor: file:///home/mosfiend/.config/polybar/config
2023-08-12 00:52:27.489 [info] Active editor: file:///home/mosfiend/.config/polybar/colors.ini
2023-08-12 00:52:29.144 [info] Active editor: file:///home/mosfiend/.config/polybar/config
2023-08-12 00:54:39.214 [info] Active editor: file:///home/mosfiend/.config/polybar/system.ini
2023-08-12 00:54:42.489 [info] Active editor: file:///home/mosfiend/.config/polybar/config
2023-08-12 00:54:42.507 [warning] getLineLength() called with out-of-bounds line 284
2023-08-12 00:54:42.508 [warning] getLineLength() called with out-of-bounds line 284
2023-08-12 00:54:44.876 [info] Active editor: file:///home/mosfiend/.config/polybar/colors.ini
2023-08-12 00:54:45.614 [info] Active editor: file:///home/mosfiend/.config/polybar/config
2023-08-12 00:54:46.179 [info] Active editor: file:///home/mosfiend/.config/polybar/colors.ini
2023-08-12 00:54:46.606 [info] Active editor: file:///home/mosfiend/.config/polybar/config
2023-08-12 01:42:46.921 [info] Active editor: vscode-userdata:/home/mosfiend/.config/VSCodium/User/settings.json
2023-08-12 01:43:31.191 [info] Executing :wq
2023-08-12 01:43:31.491 [info] /home/mosfiend/.config/VSCodium/User/settings.json closed
2023-08-12 01:43:31.495 [warning] getLineLength() called with out-of-bounds line 15
2023-08-12 01:43:31.495 [warning] invalid cursor position. [[15, 4] | [15, 4]].
2023-08-12 01:43:31.536 [info] Active editor: file:///home/mosfiend/.config/polybar/config
2023-08-12 01:43:32.018 [info] Configuration changed
2023-08-12 01:43:49.175 [info] Executing :q
2023-08-12 01:43:51.299 [info] Executing :q!
2023-08-12 01:43:51.511 [info] /home/mosfiend/.config/polybar/config closed
2023-08-12 01:43:51.515 [warning] getLineLength() called with out-of-bounds line 66
2023-08-12 01:43:51.515 [warning] invalid cursor position. [[66, 8] | [66, 8]].
2023-08-12 01:43:51.550 [info] Active editor: file:///home/mosfiend/.config/polybar/colors.ini
2023-08-12 01:45:49.522 [info] /settings/user closed
2023-08-12 01:45:50.120 [info] /settings/resourceLanguage closed
2023-08-12 01:45:50.530 [info] /launch closed
2023-08-12 01:45:50.607 [info] /token-styling closed
2023-08-12 01:45:50.629 [info] /textmate-colors closed
2023-08-12 01:45:50.697 [info] /workbench-colors closed
