2023-08-14 14:10:30.934 [info] Log level: Info
2023-08-14 14:10:30.935 [info] Validating found git in: "git"
2023-08-14 14:10:30.935 [info] Using git "2.34.1" from "git"
2023-08-14 14:10:30.935 [info] > git rev-parse --show-toplevel [235ms]
2023-08-14 14:10:30.939 [info] > git rev-parse --git-dir --git-common-dir [20ms]
2023-08-14 14:10:31.002 [info] Open repository: /home/mosfiend/.dotfiles/.oh-my-zsh
2023-08-14 14:10:31.065 [info] > git rev-parse --show-toplevel [29ms]
2023-08-14 14:10:31.109 [info] > git rev-parse --show-toplevel [23ms]
2023-08-14 14:10:31.138 [info] > git config --get commit.template [75ms]
2023-08-14 14:10:31.142 [info] > git rev-parse --show-toplevel [7ms]
2023-08-14 14:10:31.190 [info] > git rev-parse --show-toplevel [28ms]
2023-08-14 14:10:31.212 [info] > git rev-parse --show-toplevel [4ms]
2023-08-14 14:10:31.233 [info] > git rev-parse --show-toplevel [4ms]
2023-08-14 14:10:31.253 [info] > git rev-parse --show-toplevel [4ms]
2023-08-14 14:10:31.273 [info] > git rev-parse --show-toplevel [4ms]
2023-08-14 14:10:31.293 [info] > git rev-parse --show-toplevel [4ms]
2023-08-14 14:10:31.298 [info] > git for-each-ref --format=%(refname)%00%(upstream:short)%00%(objectname)%00%(upstream:track)%00%(upstream:remotename)%00%(upstream:remoteref) refs/heads/master refs/remotes/master [117ms]
2023-08-14 14:10:31.755 [info] > git check-ignore -v -z --stdin [127ms]
2023-08-14 14:10:32.383 [info] > git status -z -uall [1063ms]
2023-08-14 14:10:32.462 [info] > git config --get commit.template [17ms]
2023-08-14 14:10:32.487 [info] > git for-each-ref --format=%(refname)%00%(upstream:short)%00%(objectname)%00%(upstream:track)%00%(upstream:remotename)%00%(upstream:remoteref) refs/heads/master refs/remotes/master [5ms]
2023-08-14 14:10:32.662 [info] > git status -z -uall [158ms]
2023-08-14 14:10:33.710 [info] > git check-ignore -v -z --stdin [8ms]
2023-08-14 14:10:35.240 [info] > git check-ignore -v -z --stdin [7ms]
2023-08-14 14:10:36.344 [info] > git check-ignore -v -z --stdin [6ms]
2023-08-14 14:10:38.967 [info] > git check-ignore -v -z --stdin [5ms]
2023-08-14 14:10:43.137 [info] > git ls-files --stage -- /home/mosfiend/.dotfiles/.oh-my-zsh/plugins/autojump/README.md [19ms]
2023-08-14 14:10:43.210 [info] > git show --textconv :plugins/autojump/README.md [131ms]
2023-08-14 14:10:43.211 [info] > git cat-file -s 750ff56d12ef9ef68d3390d0d9d985640bda3c06 [44ms]
2023-08-14 14:10:54.122 [info] > git show --textconv :plugins/autojump/autojump.plugin.zsh [38ms]
2023-08-14 14:10:54.131 [info] > git ls-files --stage -- /home/mosfiend/.dotfiles/.oh-my-zsh/plugins/autojump/autojump.plugin.zsh [12ms]
2023-08-14 14:10:54.165 [info] > git cat-file -s 1b868ee8ddcb37b0517d1bb267f3f96e2d3160f8 [9ms]
2023-08-14 14:11:00.903 [info] > git show --textconv :plugins/autojump/README.md [32ms]
2023-08-14 14:11:00.905 [info] > git ls-files --stage -- /home/mosfiend/.dotfiles/.oh-my-zsh/plugins/autojump/README.md [9ms]
2023-08-14 14:11:00.956 [info] > git cat-file -s 750ff56d12ef9ef68d3390d0d9d985640bda3c06 [26ms]
