2023-08-12 00:50:38.723 [info] Extension host with pid 8046 started
2023-08-12 00:50:38.724 [info] Skipping acquiring lock for /home/mosfiend/.config/VSCodium/User/workspaceStorage/d7ca366ccf2c2d5f188be0de8e08a8e1.
2023-08-12 00:50:41.111 [info] ExtensionService#_doActivateExtension vscode.emmet, startup: false, activationEvent: 'onLanguage'
2023-08-12 00:50:41.346 [info] ExtensionService#_doActivateExtension vscode.git-base, startup: true, activationEvent: '*', root cause: vscode.git
2023-08-12 00:50:41.411 [info] ExtensionService#_doActivateExtension tonybaloney.vscode-pets, startup: true, activationEvent: '*'
2023-08-12 00:50:41.472 [info] ExtensionService#_doActivateExtension vscodevim.vim, startup: true, activationEvent: '*'
2023-08-12 00:50:49.368 [info] ExtensionService#_doActivateExtension vscode.git, startup: true, activationEvent: '*'
2023-08-12 00:50:49.556 [info] ExtensionService#_doActivateExtension vscode.github, startup: true, activationEvent: '*'
2023-08-12 00:50:51.088 [info] Eager extensions activated
2023-08-12 00:50:51.113 [info] ExtensionService#_doActivateExtension vscode.debug-auto-launch, startup: false, activationEvent: 'onStartupFinished'
2023-08-12 00:50:51.274 [info] ExtensionService#_doActivateExtension vscode.merge-conflict, startup: false, activationEvent: 'onStartupFinished'
2023-08-12 00:50:51.400 [info] ExtensionService#_doActivateExtension sainnhe.gruvbox-material, startup: false, activationEvent: 'onStartupFinished'
2023-08-12 00:52:25.216 [warning] TextEditor is closed/disposed
2023-08-12 00:52:25.216 [warning] TextEditor is closed/disposed
2023-08-12 00:52:25.435 [warning] ExtHostTextEditorOptions 'setCursorStyle' failed:'
2023-08-12 00:52:25.436 [warning] TextEditor(vs.editor.ICodeEditor:2,$model3) has been disposed
2023-08-12 00:54:42.508 [warning] TextEditor is closed/disposed
2023-08-12 00:54:42.508 [warning] TextEditor is closed/disposed
2023-08-12 00:54:44.890 [warning] TextEditor is closed/disposed
2023-08-12 00:54:44.890 [warning] TextEditor is closed/disposed
2023-08-12 00:54:45.638 [warning] TextEditor is closed/disposed
2023-08-12 00:54:45.641 [warning] TextEditor is closed/disposed
2023-08-12 00:54:46.198 [warning] TextEditor is closed/disposed
2023-08-12 00:54:46.198 [warning] TextEditor is closed/disposed
2023-08-12 00:54:46.620 [warning] TextEditor is closed/disposed
2023-08-12 00:54:46.621 [warning] TextEditor is closed/disposed
2023-08-12 01:42:47.047 [info] ExtensionService#_doActivateExtension vscode.json-language-features, startup: false, activationEvent: 'onLanguage:jsonc'
2023-08-12 01:42:47.295 [info] ExtensionService#_doActivateExtension vscode.typescript-language-features, startup: false, activationEvent: 'onLanguage:jsonc'
2023-08-12 01:43:31.495 [warning] TextEditor is closed/disposed
2023-08-12 01:43:31.495 [warning] TextEditor is closed/disposed
2023-08-12 01:43:31.677 [warning] ExtHostTextEditorOptions 'setCursorStyle' failed:'
2023-08-12 01:43:31.677 [warning] TextEditor(vs.editor.ICodeEditor:2,$model6) has been disposed
2023-08-12 01:43:51.515 [warning] TextEditor is closed/disposed
2023-08-12 01:43:51.516 [warning] TextEditor is closed/disposed
2023-08-12 01:43:51.694 [warning] ExtHostTextEditorOptions 'setCursorStyle' failed:'
2023-08-12 01:43:51.694 [warning] TextEditor(vs.editor.ICodeEditor:2,$model2) has been disposed
