2023-08-13 14:18:47.154 [info] Extension host with pid 6075 started
2023-08-13 14:18:47.154 [info] Skipping acquiring lock for /home/mosfiend/.config/VSCodium/User/workspaceStorage/6d57efbefb6a4992c18509bca5861f04.
2023-08-13 14:18:47.856 [info] ExtensionService#_doActivateExtension vscode.git-base, startup: true, activationEvent: '*'
2023-08-13 14:18:47.941 [info] ExtensionService#_doActivateExtension vscodevim.vim, startup: true, activationEvent: '*'
2023-08-13 14:18:49.195 [info] ExtensionService#_doActivateExtension vscode.github, startup: true, activationEvent: '*'
2023-08-13 14:18:49.994 [info] Eager extensions activated
2023-08-13 14:18:50.006 [info] ExtensionService#_doActivateExtension vscode.debug-auto-launch, startup: false, activationEvent: 'onStartupFinished'
2023-08-13 14:18:50.079 [info] ExtensionService#_doActivateExtension vscode.merge-conflict, startup: false, activationEvent: 'onStartupFinished'
2023-08-13 14:18:50.149 [info] ExtensionService#_doActivateExtension sainnhe.gruvbox-material, startup: false, activationEvent: 'onStartupFinished'
2023-08-13 14:19:04.124 [info] ExtensionService#_doActivateExtension vscode.git, startup: false, activationEvent: 'api', root cause: vscode.github
2023-08-13 14:19:04.345 [info] ExtensionService#_doActivateExtension tonybaloney.vscode-pets, startup: false, activationEvent: '*'
2023-08-13 14:36:41.877 [info] ExtensionService#_doActivateExtension vscode.extension-editing, startup: false, activationEvent: 'onLanguage:markdown'
2023-08-13 14:36:42.071 [info] ExtensionService#_doActivateExtension vscode.markdown-language-features, startup: false, activationEvent: 'onLanguage:markdown'
2023-08-13 14:36:43.123 [info] ExtensionService#_doActivateExtension vscode.emmet, startup: false, activationEvent: 'onLanguage'
2023-08-13 14:36:47.480 [info] ExtensionService#_doActivateExtension vscode.markdown-math, startup: false, activationEvent: 'api', root cause: vscode.markdown-language-features
2023-08-13 15:02:33.522 [info] ExtensionService#_doActivateExtension vscode.simple-browser, startup: false, activationEvent: 'onOpenExternalUri:https'
2023-08-13 15:18:15.588 [warning] TextEditor is closed/disposed
2023-08-13 15:18:15.588 [warning] TextEditor is closed/disposed
2023-08-13 15:18:15.649 [warning] ExtHostTextEditorOptions 'setCursorStyle' failed:'
2023-08-13 15:18:15.652 [warning] TextEditor(vs.editor.ICodeEditor:1,$model55) has been disposed
2023-08-13 15:20:28.409 [info] Extension host terminating: renderer closed the MessagePort
2023-08-13 15:20:28.519 [error] Canceled: Canceled
	at new d (/usr/share/codium/resources/app/out/vs/workbench/api/node/extensionHostProcess.js:99:45907)
	at t._remoteCall (/usr/share/codium/resources/app/out/vs/workbench/api/node/extensionHostProcess.js:111:14473)
	at W.<computed>.$.charCodeAt.W.<computed> (/usr/share/codium/resources/app/out/vs/workbench/api/node/extensionHostProcess.js:111:11013)
	at e.ExtHostCommands._doExecuteCommand (/usr/share/codium/resources/app/out/vs/workbench/api/node/extensionHostProcess.js:99:71608)
	at e.ExtHostCommands.executeCommand (/usr/share/codium/resources/app/out/vs/workbench/api/node/extensionHostProcess.js:99:70919)
	at P.registerCommand.description (/usr/share/codium/resources/app/out/vs/workbench/api/node/extensionHostProcess.js:99:70146)
	at e.ExtHostCommands._executeContributedCommand (/usr/share/codium/resources/app/out/vs/workbench/api/node/extensionHostProcess.js:99:72243)
	at e.ExtHostCommands._doExecuteCommand (/usr/share/codium/resources/app/out/vs/workbench/api/node/extensionHostProcess.js:99:71059)
	at e.ExtHostCommands.executeCommand (/usr/share/codium/resources/app/out/vs/workbench/api/node/extensionHostProcess.js:99:70919)
	at Object.executeCommand (/usr/share/codium/resources/app/out/vs/workbench/api/node/extensionHostProcess.js:117:27020)
	at i.D [as value] (/usr/share/codium/resources/app/extensions/git/dist/main.js:2:1260373)
	at b._deliver (/usr/share/codium/resources/app/out/vs/workbench/api/node/extensionHostProcess.js:60:2465)
	at b._deliverQueue (/usr/share/codium/resources/app/out/vs/workbench/api/node/extensionHostProcess.js:60:2556)
	at b.fire (/usr/share/codium/resources/app/out/vs/workbench/api/node/extensionHostProcess.js:60:2891)
	at Object.m [as dispose] (/usr/share/codium/resources/app/extensions/git/dist/main.js:2:1275921)
	at /usr/share/codium/resources/app/extensions/git/dist/main.js:2:1280488
	at Array.forEach (<anonymous>)
	at g.dispose (/usr/share/codium/resources/app/extensions/git/dist/main.js:2:1280474)
	at o.<anonymous> (/usr/share/codium/resources/app/out/vs/workbench/api/node/extensionHostProcess.js:95:5731)
	at o.dispose (/usr/share/codium/resources/app/out/vs/workbench/api/node/extensionHostProcess.js:95:5866)
	at o.<anonymous> (/usr/share/codium/resources/app/extensions/git/dist/main.js:2:1262386)
	at o.dispose (/usr/share/codium/resources/app/out/vs/workbench/api/node/extensionHostProcess.js:95:5866)
	at D (/usr/share/codium/resources/app/out/vs/workbench/api/node/extensionHostProcess.js:10:12153)
	at i._deactivate (/usr/share/codium/resources/app/out/vs/workbench/api/node/extensionHostProcess.js:113:13346)
	at /usr/share/codium/resources/app/out/vs/workbench/api/node/extensionHostProcess.js:113:10617
	at Array.map (<anonymous>)
	at i._deactivateAll (/usr/share/codium/resources/app/out/vs/workbench/api/node/extensionHostProcess.js:113:10604)
	at i.terminate (/usr/share/codium/resources/app/out/vs/workbench/api/node/extensionHostProcess.js:113:10987)
	at l.terminate (/usr/share/codium/resources/app/out/vs/workbench/api/node/extensionHostProcess.js:117:1927)
	at _ (/usr/share/codium/resources/app/out/vs/workbench/api/node/extensionHostProcess.js:127:38637)
	at MessagePortMain.<anonymous> (/usr/share/codium/resources/app/out/vs/workbench/api/node/extensionHostProcess.js:127:34716)
	at MessagePortMain.emit (node:events:513:28)
	at MessagePortMain._internalPort.emit (node:electron/js2c/utility_init:2:367) setContext undefined
2023-08-13 15:20:28.532 [error] Canceled: Canceled
	at new d (/usr/share/codium/resources/app/out/vs/workbench/api/node/extensionHostProcess.js:99:45907)
	at t._remoteCall (/usr/share/codium/resources/app/out/vs/workbench/api/node/extensionHostProcess.js:111:14473)
	at W.<computed>.$.charCodeAt.W.<computed> (/usr/share/codium/resources/app/out/vs/workbench/api/node/extensionHostProcess.js:111:11013)
	at e.ExtHostCommands._doExecuteCommand (/usr/share/codium/resources/app/out/vs/workbench/api/node/extensionHostProcess.js:99:71608)
	at e.ExtHostCommands.executeCommand (/usr/share/codium/resources/app/out/vs/workbench/api/node/extensionHostProcess.js:99:70919)
	at P.registerCommand.description (/usr/share/codium/resources/app/out/vs/workbench/api/node/extensionHostProcess.js:99:70146)
	at e.ExtHostCommands._executeContributedCommand (/usr/share/codium/resources/app/out/vs/workbench/api/node/extensionHostProcess.js:99:72243)
	at e.ExtHostCommands._doExecuteCommand (/usr/share/codium/resources/app/out/vs/workbench/api/node/extensionHostProcess.js:99:71059)
	at e.ExtHostCommands.executeCommand (/usr/share/codium/resources/app/out/vs/workbench/api/node/extensionHostProcess.js:99:70919)
	at Object.executeCommand (/usr/share/codium/resources/app/out/vs/workbench/api/node/extensionHostProcess.js:117:27020)
	at set b [as b] (/usr/share/codium/resources/app/extensions/github/dist/extension.js:2:675618)
	at /usr/share/codium/resources/app/extensions/github/dist/extension.js:2:676262
	at i.value (/usr/share/codium/resources/app/extensions/git/dist/main.js:2:1347204)
	at b._deliver (/usr/share/codium/resources/app/out/vs/workbench/api/node/extensionHostProcess.js:60:2465)
	at b._deliverQueue (/usr/share/codium/resources/app/out/vs/workbench/api/node/extensionHostProcess.js:60:2556)
	at b.fire (/usr/share/codium/resources/app/out/vs/workbench/api/node/extensionHostProcess.js:60:2891)
	at Object.m [as dispose] (/usr/share/codium/resources/app/extensions/git/dist/main.js:2:1275921)
	at /usr/share/codium/resources/app/extensions/git/dist/main.js:2:1280488
	at Array.forEach (<anonymous>)
	at g.dispose (/usr/share/codium/resources/app/extensions/git/dist/main.js:2:1280474)
	at o.<anonymous> (/usr/share/codium/resources/app/out/vs/workbench/api/node/extensionHostProcess.js:95:5731)
	at o.dispose (/usr/share/codium/resources/app/out/vs/workbench/api/node/extensionHostProcess.js:95:5866)
	at o.<anonymous> (/usr/share/codium/resources/app/extensions/git/dist/main.js:2:1262386)
	at o.dispose (/usr/share/codium/resources/app/out/vs/workbench/api/node/extensionHostProcess.js:95:5866)
	at D (/usr/share/codium/resources/app/out/vs/workbench/api/node/extensionHostProcess.js:10:12153)
	at i._deactivate (/usr/share/codium/resources/app/out/vs/workbench/api/node/extensionHostProcess.js:113:13346)
	at /usr/share/codium/resources/app/out/vs/workbench/api/node/extensionHostProcess.js:113:10617
	at Array.map (<anonymous>)
	at i._deactivateAll (/usr/share/codium/resources/app/out/vs/workbench/api/node/extensionHostProcess.js:113:10604)
	at i.terminate (/usr/share/codium/resources/app/out/vs/workbench/api/node/extensionHostProcess.js:113:10987)
	at l.terminate (/usr/share/codium/resources/app/out/vs/workbench/api/node/extensionHostProcess.js:117:1927)
	at _ (/usr/share/codium/resources/app/out/vs/workbench/api/node/extensionHostProcess.js:127:38637)
	at MessagePortMain.<anonymous> (/usr/share/codium/resources/app/out/vs/workbench/api/node/extensionHostProcess.js:127:34716)
	at MessagePortMain.emit (node:events:513:28)
	at MessagePortMain._internalPort.emit (node:electron/js2c/utility_init:2:367) setContext undefined
2023-08-13 15:20:28.546 [info] Extension host with pid 6075 exiting with code 0
